\BOOKMARK [1][-]{section.1}{Introduction}{}% 1
\BOOKMARK [2][-]{subsection.1.1}{Motivation}{section.1}% 2
\BOOKMARK [2][-]{subsection.1.2}{2017 Test Beam Run}{section.1}% 3
\BOOKMARK [2][-]{subsection.1.3}{2018 Test Beam Run}{section.1}% 4
\BOOKMARK [1][-]{section.2}{Software Documentation}{}% 5
\BOOKMARK [1][-]{section.3}{Data Acquisition, Production, and Calibration}{}% 6
\BOOKMARK [2][-]{subsection.3.1}{Position Scan Data Acquisition}{section.3}% 7
\BOOKMARK [2][-]{subsection.3.2}{2017 Test Beam Data}{section.3}% 8
\BOOKMARK [2][-]{subsection.3.3}{2018 Test Beam Data}{section.3}% 9
\BOOKMARK [2][-]{subsection.3.4}{Dataset Used}{section.3}% 10
\BOOKMARK [2][-]{subsection.3.5}{Dataset Production}{section.3}% 11
\BOOKMARK [2][-]{subsection.3.6}{Analysis Cuts }{section.3}% 12
\BOOKMARK [1][-]{section.4}{Data Analysis}{}% 13
\BOOKMARK [2][-]{subsection.4.1}{Hodoscope-Motion Table Calibration}{section.4}% 14
\BOOKMARK [2][-]{subsection.4.2}{Preliminary Data Assessment}{section.4}% 15
\BOOKMARK [2][-]{subsection.4.3}{Mean Energy Values Extraction}{section.4}% 16
\BOOKMARK [2][-]{subsection.4.4}{Interpolation and Reversion}{section.4}% 17
\BOOKMARK [2][-]{subsection.4.5}{Tower Boundaries Implementation}{section.4}% 18
\BOOKMARK [1][-]{section.5}{Further Analysis}{}% 19
\BOOKMARK [2][-]{subsection.5.1}{1D Projections and Comparisons}{section.5}% 20
\BOOKMARK [2][-]{subsection.5.2}{Central Tower Comparisons - Uniformity}{section.5}% 21
\BOOKMARK [1][-]{section.6}{Results and Discussions}{}% 22
\BOOKMARK [2][-]{subsection.6.1}{Qualitative Comparisons}{section.6}% 23
\BOOKMARK [2][-]{subsection.6.2}{Quantitive Comparisons}{section.6}% 24
\BOOKMARK [2][-]{subsection.6.3}{Future Improvements}{section.6}% 25
\BOOKMARK [1][-]{section.7}{Conclusions}{}% 26
\BOOKMARK [1][-]{section.8}{Acknowledgement}{}% 27
