This is pdfTeX, Version 3.14159265-2.6-1.40.16 (TeX Live 2015) (preloaded format=pdflatex 2015.5.24)  12 SEP 2018 18:03
entering extended mode
 restricted \write18 enabled.
 file:line:error style messages enabled.
 %&-line parsing enabled.
**"EMCAL Analysis Notes.tex"
(./EMCAL Analysis Notes.tex
LaTeX2e <2015/01/01>
Babel <3.9l> and hyphenation patterns for 79 languages loaded.
(/usr/local/texlive/2015/texmf-dist/tex/latex/base/article.cls
Document Class: article 2014/09/29 v1.4h Standard LaTeX document class
(/usr/local/texlive/2015/texmf-dist/tex/latex/base/size11.clo
File: size11.clo 2014/09/29 v1.4h Standard LaTeX file (size option)
)
\c@part=\count79
\c@section=\count80
\c@subsection=\count81
\c@subsubsection=\count82
\c@paragraph=\count83
\c@subparagraph=\count84
\c@figure=\count85
\c@table=\count86
\abovecaptionskip=\skip41
\belowcaptionskip=\skip42
\bibindent=\dimen102
)
(/usr/local/texlive/2015/texmf-dist/tex/latex/preprint/fullpage.sty
Package: fullpage 1999/02/23 1.1 (PWD)
\FP@margin=\skip43
)
(/usr/local/texlive/2015/texmf-dist/tex/latex/amsfonts/amsfonts.sty
Package: amsfonts 2013/01/14 v3.01 Basic AMSFonts support
\@emptytoks=\toks14
\symAMSa=\mathgroup4
\symAMSb=\mathgroup5
LaTeX Font Info:    Overwriting math alphabet `\mathfrak' in version `bold'
(Font)                  U/euf/m/n --> U/euf/b/n on input line 106.
)
(/usr/local/texlive/2015/texmf-dist/tex/latex/amsfonts/amssymb.sty
Package: amssymb 2013/01/14 v3.01 AMS font symbols
)
(/usr/local/texlive/2015/texmf-dist/tex/latex/amsmath/amsmath.sty
Package: amsmath 2013/01/14 v2.14 AMS math features
\@mathmargin=\skip44

For additional information on amsmath, use the `?' option.
(/usr/local/texlive/2015/texmf-dist/tex/latex/amsmath/amstext.sty
Package: amstext 2000/06/29 v2.01

(/usr/local/texlive/2015/texmf-dist/tex/latex/amsmath/amsgen.sty
File: amsgen.sty 1999/11/30 v2.0
\@emptytoks=\toks15
\ex@=\dimen103
))
(/usr/local/texlive/2015/texmf-dist/tex/latex/amsmath/amsbsy.sty
Package: amsbsy 1999/11/29 v1.2d
\pmbraise@=\dimen104
)
(/usr/local/texlive/2015/texmf-dist/tex/latex/amsmath/amsopn.sty
Package: amsopn 1999/12/14 v2.01 operator names
)
\inf@bad=\count87
LaTeX Info: Redefining \frac on input line 210.
\uproot@=\count88
\leftroot@=\count89
LaTeX Info: Redefining \overline on input line 306.
\classnum@=\count90
\DOTSCASE@=\count91
LaTeX Info: Redefining \ldots on input line 378.
LaTeX Info: Redefining \dots on input line 381.
LaTeX Info: Redefining \cdots on input line 466.
\Mathstrutbox@=\box26
\strutbox@=\box27
\big@size=\dimen105
LaTeX Font Info:    Redeclaring font encoding OML on input line 566.
LaTeX Font Info:    Redeclaring font encoding OMS on input line 567.
\macc@depth=\count92
\c@MaxMatrixCols=\count93
\dotsspace@=\muskip10
\c@parentequation=\count94
\dspbrk@lvl=\count95
\tag@help=\toks16
\row@=\count96
\column@=\count97
\maxfields@=\count98
\andhelp@=\toks17
\eqnshift@=\dimen106
\alignsep@=\dimen107
\tagshift@=\dimen108
\tagwidth@=\dimen109
\totwidth@=\dimen110
\lineht@=\dimen111
\@envbody=\toks18
\multlinegap=\skip45
\multlinetaggap=\skip46
\mathdisplay@stack=\toks19
LaTeX Info: Redefining \[ on input line 2665.
LaTeX Info: Redefining \] on input line 2666.
)
(/usr/local/texlive/2015/texmf-dist/tex/latex/hyperref/hyperref.sty
Package: hyperref 2012/11/06 v6.83m Hypertext links for LaTeX

(/usr/local/texlive/2015/texmf-dist/tex/generic/oberdiek/hobsub-hyperref.sty
Package: hobsub-hyperref 2012/05/28 v1.13 Bundle oberdiek, subset hyperref (HO)


(/usr/local/texlive/2015/texmf-dist/tex/generic/oberdiek/hobsub-generic.sty
Package: hobsub-generic 2012/05/28 v1.13 Bundle oberdiek, subset generic (HO)
Package: hobsub 2012/05/28 v1.13 Construct package bundles (HO)
Package: infwarerr 2010/04/08 v1.3 Providing info/warning/error messages (HO)
Package: ltxcmds 2011/11/09 v1.22 LaTeX kernel commands for general use (HO)
Package: ifluatex 2010/03/01 v1.3 Provides the ifluatex switch (HO)
Package ifluatex Info: LuaTeX not detected.
Package: ifvtex 2010/03/01 v1.5 Detect VTeX and its facilities (HO)
Package ifvtex Info: VTeX not detected.
Package: intcalc 2007/09/27 v1.1 Expandable calculations with integers (HO)
Package: ifpdf 2011/01/30 v2.3 Provides the ifpdf switch (HO)
Package ifpdf Info: pdfTeX in PDF mode is detected.
Package: etexcmds 2011/02/16 v1.5 Avoid name clashes with e-TeX commands (HO)
Package etexcmds Info: Could not find \expanded.
(etexcmds)             That can mean that you are not using pdfTeX 1.50 or
(etexcmds)             that some package has redefined \expanded.
(etexcmds)             In the latter case, load this package earlier.
Package: kvsetkeys 2012/04/25 v1.16 Key value parser (HO)
Package: kvdefinekeys 2011/04/07 v1.3 Define keys (HO)
Package: pdftexcmds 2011/11/29 v0.20 Utility functions of pdfTeX for LuaTeX (HO
)
Package pdftexcmds Info: LuaTeX not detected.
Package pdftexcmds Info: \pdf@primitive is available.
Package pdftexcmds Info: \pdf@ifprimitive is available.
Package pdftexcmds Info: \pdfdraftmode found.
Package: pdfescape 2011/11/25 v1.13 Implements pdfTeX's escape features (HO)
Package: bigintcalc 2012/04/08 v1.3 Expandable calculations on big integers (HO
)
Package: bitset 2011/01/30 v1.1 Handle bit-vector datatype (HO)
Package: uniquecounter 2011/01/30 v1.2 Provide unlimited unique counter (HO)
)
Package hobsub Info: Skipping package `hobsub' (already loaded).
Package: letltxmacro 2010/09/02 v1.4 Let assignment for LaTeX macros (HO)
Package: hopatch 2012/05/28 v1.2 Wrapper for package hooks (HO)
Package: xcolor-patch 2011/01/30 xcolor patch
Package: atveryend 2011/06/30 v1.8 Hooks at the very end of document (HO)
Package atveryend Info: \enddocument detected (standard20110627).
Package: atbegshi 2011/10/05 v1.16 At begin shipout hook (HO)
Package: refcount 2011/10/16 v3.4 Data extraction from label references (HO)
Package: hycolor 2011/01/30 v1.7 Color options for hyperref/bookmark (HO)
)
(/usr/local/texlive/2015/texmf-dist/tex/latex/graphics/keyval.sty
Package: keyval 2014/10/28 v1.15 key=value parser (DPC)
\KV@toks@=\toks20
)
(/usr/local/texlive/2015/texmf-dist/tex/generic/ifxetex/ifxetex.sty
Package: ifxetex 2010/09/12 v0.6 Provides ifxetex conditional
)
(/usr/local/texlive/2015/texmf-dist/tex/latex/oberdiek/auxhook.sty
Package: auxhook 2011/03/04 v1.3 Hooks for auxiliary files (HO)
)
(/usr/local/texlive/2015/texmf-dist/tex/latex/oberdiek/kvoptions.sty
Package: kvoptions 2011/06/30 v3.11 Key value format for package options (HO)
)
\@linkdim=\dimen112
\Hy@linkcounter=\count99
\Hy@pagecounter=\count100

(/usr/local/texlive/2015/texmf-dist/tex/latex/hyperref/pd1enc.def
File: pd1enc.def 2012/11/06 v6.83m Hyperref: PDFDocEncoding definition (HO)
)
\Hy@SavedSpaceFactor=\count101

(/usr/local/texlive/2015/texmf-dist/tex/latex/latexconfig/hyperref.cfg
File: hyperref.cfg 2002/06/06 v1.2 hyperref configuration of TeXLive
)
Package hyperref Info: Hyper figures OFF on input line 4443.
Package hyperref Info: Link nesting OFF on input line 4448.
Package hyperref Info: Hyper index ON on input line 4451.
Package hyperref Info: Plain pages OFF on input line 4458.
Package hyperref Info: Backreferencing OFF on input line 4463.
Package hyperref Info: Implicit mode ON; LaTeX internals redefined.
Package hyperref Info: Bookmarks ON on input line 4688.
\c@Hy@tempcnt=\count102

(/usr/local/texlive/2015/texmf-dist/tex/latex/url/url.sty
\Urlmuskip=\muskip11
Package: url 2013/09/16  ver 3.4  Verb mode for urls, etc.
)
LaTeX Info: Redefining \url on input line 5041.
\XeTeXLinkMargin=\dimen113
\Fld@menulength=\count103
\Field@Width=\dimen114
\Fld@charsize=\dimen115
Package hyperref Info: Hyper figures OFF on input line 6295.
Package hyperref Info: Link nesting OFF on input line 6300.
Package hyperref Info: Hyper index ON on input line 6303.
Package hyperref Info: backreferencing OFF on input line 6310.
Package hyperref Info: Link coloring OFF on input line 6315.
Package hyperref Info: Link coloring with OCG OFF on input line 6320.
Package hyperref Info: PDF/A mode OFF on input line 6325.
LaTeX Info: Redefining \ref on input line 6365.
LaTeX Info: Redefining \pageref on input line 6369.
\Hy@abspage=\count104
\c@Item=\count105
\c@Hfootnote=\count106
)

Package hyperref Message: Driver (autodetected): hpdftex.

(/usr/local/texlive/2015/texmf-dist/tex/latex/hyperref/hpdftex.def
File: hpdftex.def 2012/11/06 v6.83m Hyperref driver for pdfTeX
\Fld@listcount=\count107
\c@bookmark@seq@number=\count108

(/usr/local/texlive/2015/texmf-dist/tex/latex/oberdiek/rerunfilecheck.sty
Package: rerunfilecheck 2011/04/15 v1.7 Rerun checks for auxiliary files (HO)
Package uniquecounter Info: New unique counter `rerunfilecheck' on input line 2
82.
)
\Hy@SectionHShift=\skip47
)
(/usr/local/texlive/2015/texmf-dist/tex/latex/titling/titling.sty
Package: titling 2009/09/04 v2.1d maketitle typesetting
\thanksmarkwidth=\skip48
\thanksmargin=\skip49
\droptitle=\skip50
)
(/usr/local/texlive/2015/texmf-dist/tex/latex/graphics/color.sty
Package: color 2014/10/28 v1.1a Standard LaTeX Color (DPC)

(/usr/local/texlive/2015/texmf-dist/tex/latex/latexconfig/color.cfg
File: color.cfg 2007/01/18 v1.5 color configuration of teTeX/TeXLive
)
Package color Info: Driver file: pdftex.def on input line 142.

(/usr/local/texlive/2015/texmf-dist/tex/latex/pdftex-def/pdftex.def
File: pdftex.def 2011/05/27 v0.06d Graphics/color for pdfTeX
\Gread@gobject=\count109
))
(/usr/local/texlive/2015/texmf-dist/tex/latex/graphics/graphicx.sty
Package: graphicx 2014/10/28 v1.0g Enhanced LaTeX Graphics (DPC,SPQR)

(/usr/local/texlive/2015/texmf-dist/tex/latex/graphics/graphics.sty
Package: graphics 2014/10/28 v1.0p Standard LaTeX Graphics (DPC,SPQR)

(/usr/local/texlive/2015/texmf-dist/tex/latex/graphics/trig.sty
Package: trig 1999/03/16 v1.09 sin cos tan (DPC)
)
(/usr/local/texlive/2015/texmf-dist/tex/latex/latexconfig/graphics.cfg
File: graphics.cfg 2010/04/23 v1.9 graphics configuration of TeX Live
)
Package graphics Info: Driver file: pdftex.def on input line 94.
)
\Gin@req@height=\dimen116
\Gin@req@width=\dimen117
)
(/usr/local/texlive/2015/texmf-dist/tex/latex/fancyhdr/fancyhdr.sty
\fancy@headwidth=\skip51
\f@ncyO@elh=\skip52
\f@ncyO@erh=\skip53
\f@ncyO@olh=\skip54
\f@ncyO@orh=\skip55
\f@ncyO@elf=\skip56
\f@ncyO@erf=\skip57
\f@ncyO@olf=\skip58
\f@ncyO@orf=\skip59
)
(/usr/local/texlive/2015/texmf-dist/tex/latex/float/float.sty
Package: float 2001/11/08 v1.3d Float enhancements (AL)
\c@float@type=\count110
\float@exts=\toks21
\float@box=\box28
\@float@everytoks=\toks22
\@floatcapt=\box29
)
(/usr/local/texlive/2015/texmf-dist/tex/latex/geometry/geometry.sty
Package: geometry 2010/09/12 v5.6 Page Geometry
\Gm@cnth=\count111
\Gm@cntv=\count112
\c@Gm@tempcnt=\count113
\Gm@bindingoffset=\dimen118
\Gm@wd@mp=\dimen119
\Gm@odd@mp=\dimen120
\Gm@even@mp=\dimen121
\Gm@layoutwidth=\dimen122
\Gm@layoutheight=\dimen123
\Gm@layouthoffset=\dimen124
\Gm@layoutvoffset=\dimen125
\Gm@dimlist=\toks23
)
(/usr/local/texlive/2015/texmf-dist/tex/latex/caption/caption.sty
Package: caption 2013/05/02 v3.3-89 Customizing captions (AR)

(/usr/local/texlive/2015/texmf-dist/tex/latex/caption/caption3.sty
Package: caption3 2013/05/02 v1.6-88 caption3 kernel (AR)
Package caption3 Info: TeX engine: e-TeX on input line 57.
\captionmargin=\dimen126
\captionmargin@=\dimen127
\captionwidth=\dimen128
\caption@tempdima=\dimen129
\caption@indent=\dimen130
\caption@parindent=\dimen131
\caption@hangindent=\dimen132
)
\c@ContinuedFloat=\count114
Package caption Info: float package is loaded.
Package caption Info: hyperref package is loaded.
)
(/usr/local/texlive/2015/texmf-dist/tex/latex/base/inputenc.sty
Package: inputenc 2015/03/17 v1.2c Input encoding file
\inpenc@prehook=\toks24
\inpenc@posthook=\toks25

(/usr/local/texlive/2015/texmf-dist/tex/latex/base/utf8.def
File: utf8.def 2014/09/29 v1.1m UTF-8 support for inputenc
Now handling font encoding OML ...
... no UTF-8 mapping file for font encoding OML
Now handling font encoding T1 ...
... processing UTF-8 mapping file for font encoding T1

(/usr/local/texlive/2015/texmf-dist/tex/latex/base/t1enc.dfu
File: t1enc.dfu 2014/09/29 v1.1m UTF-8 support for inputenc
   defining Unicode char U+00A1 (decimal 161)
   defining Unicode char U+00A3 (decimal 163)
   defining Unicode char U+00AB (decimal 171)
   defining Unicode char U+00BB (decimal 187)
   defining Unicode char U+00BF (decimal 191)
   defining Unicode char U+00C0 (decimal 192)
   defining Unicode char U+00C1 (decimal 193)
   defining Unicode char U+00C2 (decimal 194)
   defining Unicode char U+00C3 (decimal 195)
   defining Unicode char U+00C4 (decimal 196)
   defining Unicode char U+00C5 (decimal 197)
   defining Unicode char U+00C6 (decimal 198)
   defining Unicode char U+00C7 (decimal 199)
   defining Unicode char U+00C8 (decimal 200)
   defining Unicode char U+00C9 (decimal 201)
   defining Unicode char U+00CA (decimal 202)
   defining Unicode char U+00CB (decimal 203)
   defining Unicode char U+00CC (decimal 204)
   defining Unicode char U+00CD (decimal 205)
   defining Unicode char U+00CE (decimal 206)
   defining Unicode char U+00CF (decimal 207)
   defining Unicode char U+00D0 (decimal 208)
   defining Unicode char U+00D1 (decimal 209)
   defining Unicode char U+00D2 (decimal 210)
   defining Unicode char U+00D3 (decimal 211)
   defining Unicode char U+00D4 (decimal 212)
   defining Unicode char U+00D5 (decimal 213)
   defining Unicode char U+00D6 (decimal 214)
   defining Unicode char U+00D8 (decimal 216)
   defining Unicode char U+00D9 (decimal 217)
   defining Unicode char U+00DA (decimal 218)
   defining Unicode char U+00DB (decimal 219)
   defining Unicode char U+00DC (decimal 220)
   defining Unicode char U+00DD (decimal 221)
   defining Unicode char U+00DE (decimal 222)
   defining Unicode char U+00DF (decimal 223)
   defining Unicode char U+00E0 (decimal 224)
   defining Unicode char U+00E1 (decimal 225)
   defining Unicode char U+00E2 (decimal 226)
   defining Unicode char U+00E3 (decimal 227)
   defining Unicode char U+00E4 (decimal 228)
   defining Unicode char U+00E5 (decimal 229)
   defining Unicode char U+00E6 (decimal 230)
   defining Unicode char U+00E7 (decimal 231)
   defining Unicode char U+00E8 (decimal 232)
   defining Unicode char U+00E9 (decimal 233)
   defining Unicode char U+00EA (decimal 234)
   defining Unicode char U+00EB (decimal 235)
   defining Unicode char U+00EC (decimal 236)
   defining Unicode char U+00ED (decimal 237)
   defining Unicode char U+00EE (decimal 238)
   defining Unicode char U+00EF (decimal 239)
   defining Unicode char U+00F0 (decimal 240)
   defining Unicode char U+00F1 (decimal 241)
   defining Unicode char U+00F2 (decimal 242)
   defining Unicode char U+00F3 (decimal 243)
   defining Unicode char U+00F4 (decimal 244)
   defining Unicode char U+00F5 (decimal 245)
   defining Unicode char U+00F6 (decimal 246)
   defining Unicode char U+00F8 (decimal 248)
   defining Unicode char U+00F9 (decimal 249)
   defining Unicode char U+00FA (decimal 250)
   defining Unicode char U+00FB (decimal 251)
   defining Unicode char U+00FC (decimal 252)
   defining Unicode char U+00FD (decimal 253)
   defining Unicode char U+00FE (decimal 254)
   defining Unicode char U+00FF (decimal 255)
   defining Unicode char U+0102 (decimal 258)
   defining Unicode char U+0103 (decimal 259)
   defining Unicode char U+0104 (decimal 260)
   defining Unicode char U+0105 (decimal 261)
   defining Unicode char U+0106 (decimal 262)
   defining Unicode char U+0107 (decimal 263)
   defining Unicode char U+010C (decimal 268)
   defining Unicode char U+010D (decimal 269)
   defining Unicode char U+010E (decimal 270)
   defining Unicode char U+010F (decimal 271)
   defining Unicode char U+0110 (decimal 272)
   defining Unicode char U+0111 (decimal 273)
   defining Unicode char U+0118 (decimal 280)
   defining Unicode char U+0119 (decimal 281)
   defining Unicode char U+011A (decimal 282)
   defining Unicode char U+011B (decimal 283)
   defining Unicode char U+011E (decimal 286)
   defining Unicode char U+011F (decimal 287)
   defining Unicode char U+0130 (decimal 304)
   defining Unicode char U+0131 (decimal 305)
   defining Unicode char U+0132 (decimal 306)
   defining Unicode char U+0133 (decimal 307)
   defining Unicode char U+0139 (decimal 313)
   defining Unicode char U+013A (decimal 314)
   defining Unicode char U+013D (decimal 317)
   defining Unicode char U+013E (decimal 318)
   defining Unicode char U+0141 (decimal 321)
   defining Unicode char U+0142 (decimal 322)
   defining Unicode char U+0143 (decimal 323)
   defining Unicode char U+0144 (decimal 324)
   defining Unicode char U+0147 (decimal 327)
   defining Unicode char U+0148 (decimal 328)
   defining Unicode char U+014A (decimal 330)
   defining Unicode char U+014B (decimal 331)
   defining Unicode char U+0150 (decimal 336)
   defining Unicode char U+0151 (decimal 337)
   defining Unicode char U+0152 (decimal 338)
   defining Unicode char U+0153 (decimal 339)
   defining Unicode char U+0154 (decimal 340)
   defining Unicode char U+0155 (decimal 341)
   defining Unicode char U+0158 (decimal 344)
   defining Unicode char U+0159 (decimal 345)
   defining Unicode char U+015A (decimal 346)
   defining Unicode char U+015B (decimal 347)
   defining Unicode char U+015E (decimal 350)
   defining Unicode char U+015F (decimal 351)
   defining Unicode char U+0160 (decimal 352)
   defining Unicode char U+0161 (decimal 353)
   defining Unicode char U+0162 (decimal 354)
   defining Unicode char U+0163 (decimal 355)
   defining Unicode char U+0164 (decimal 356)
   defining Unicode char U+0165 (decimal 357)
   defining Unicode char U+016E (decimal 366)
   defining Unicode char U+016F (decimal 367)
   defining Unicode char U+0170 (decimal 368)
   defining Unicode char U+0171 (decimal 369)
   defining Unicode char U+0178 (decimal 376)
   defining Unicode char U+0179 (decimal 377)
   defining Unicode char U+017A (decimal 378)
   defining Unicode char U+017B (decimal 379)
   defining Unicode char U+017C (decimal 380)
   defining Unicode char U+017D (decimal 381)
   defining Unicode char U+017E (decimal 382)
   defining Unicode char U+200C (decimal 8204)
   defining Unicode char U+2013 (decimal 8211)
   defining Unicode char U+2014 (decimal 8212)
   defining Unicode char U+2018 (decimal 8216)
   defining Unicode char U+2019 (decimal 8217)
   defining Unicode char U+201A (decimal 8218)
   defining Unicode char U+201C (decimal 8220)
   defining Unicode char U+201D (decimal 8221)
   defining Unicode char U+201E (decimal 8222)
   defining Unicode char U+2030 (decimal 8240)
   defining Unicode char U+2031 (decimal 8241)
   defining Unicode char U+2039 (decimal 8249)
   defining Unicode char U+203A (decimal 8250)
   defining Unicode char U+2423 (decimal 9251)
)
Now handling font encoding OT1 ...
... processing UTF-8 mapping file for font encoding OT1

(/usr/local/texlive/2015/texmf-dist/tex/latex/base/ot1enc.dfu
File: ot1enc.dfu 2014/09/29 v1.1m UTF-8 support for inputenc
   defining Unicode char U+00A1 (decimal 161)
   defining Unicode char U+00A3 (decimal 163)
   defining Unicode char U+00B8 (decimal 184)
   defining Unicode char U+00BF (decimal 191)
   defining Unicode char U+00C5 (decimal 197)
   defining Unicode char U+00C6 (decimal 198)
   defining Unicode char U+00D8 (decimal 216)
   defining Unicode char U+00DF (decimal 223)
   defining Unicode char U+00E6 (decimal 230)
   defining Unicode char U+00EC (decimal 236)
   defining Unicode char U+00ED (decimal 237)
   defining Unicode char U+00EE (decimal 238)
   defining Unicode char U+00EF (decimal 239)
   defining Unicode char U+00F8 (decimal 248)
   defining Unicode char U+0131 (decimal 305)
   defining Unicode char U+0141 (decimal 321)
   defining Unicode char U+0142 (decimal 322)
   defining Unicode char U+0152 (decimal 338)
   defining Unicode char U+0153 (decimal 339)
   defining Unicode char U+2013 (decimal 8211)
   defining Unicode char U+2014 (decimal 8212)
   defining Unicode char U+2018 (decimal 8216)
   defining Unicode char U+2019 (decimal 8217)
   defining Unicode char U+201C (decimal 8220)
   defining Unicode char U+201D (decimal 8221)
)
Now handling font encoding OMS ...
... processing UTF-8 mapping file for font encoding OMS

(/usr/local/texlive/2015/texmf-dist/tex/latex/base/omsenc.dfu
File: omsenc.dfu 2014/09/29 v1.1m UTF-8 support for inputenc
   defining Unicode char U+00A7 (decimal 167)
   defining Unicode char U+00B6 (decimal 182)
   defining Unicode char U+00B7 (decimal 183)
   defining Unicode char U+2020 (decimal 8224)
   defining Unicode char U+2021 (decimal 8225)
   defining Unicode char U+2022 (decimal 8226)
)
Now handling font encoding OMX ...
... no UTF-8 mapping file for font encoding OMX
Now handling font encoding U ...
... no UTF-8 mapping file for font encoding U
Now handling font encoding PD1 ...
... no UTF-8 mapping file for font encoding PD1
   defining Unicode char U+00A9 (decimal 169)
   defining Unicode char U+00AA (decimal 170)
   defining Unicode char U+00AE (decimal 174)
   defining Unicode char U+00BA (decimal 186)
   defining Unicode char U+02C6 (decimal 710)
   defining Unicode char U+02DC (decimal 732)
   defining Unicode char U+200C (decimal 8204)
   defining Unicode char U+2026 (decimal 8230)
   defining Unicode char U+2122 (decimal 8482)
   defining Unicode char U+2423 (decimal 9251)
))
(/usr/local/texlive/2015/texmf-dist/tex/generic/babel/babel.sty
Package: babel 2014/09/25 3.9l The Babel package

(/usr/local/texlive/2015/texmf-dist/tex/generic/babel-english/english.ldf
Language: english 2012/08/20 v3.3p English support from the babel system

(/usr/local/texlive/2015/texmf-dist/tex/generic/babel/babel.def
File: babel.def 2014/09/25 3.9l Babel common definitions
\babel@savecnt=\count115
\U@D=\dimen133
)
\l@canadian = a dialect from \language\l@american 
\l@australian = a dialect from \language\l@british 
\l@newzealand = a dialect from \language\l@british 
))
(/usr/local/texlive/2015/texmf-dist/tex/latex/tools/xspace.sty
Package: xspace 2014/10/28 v1.13 Space after command names (DPC,MH)
)
(/usr/local/texlive/2015/texmf-dist/tex/latex/wrapfig/wrapfig.sty
\wrapoverhang=\dimen134
\WF@size=\dimen135
\c@WF@wrappedlines=\count116
\WF@box=\box30
\WF@everypar=\toks26
Package: wrapfig 2003/01/31  v 3.6
)
(/usr/local/texlive/2015/texmf-dist/tex/latex/preprint/authblk.sty
Package: authblk 2001/02/27 1.3 (PWD)
\affilsep=\skip60
\@affilsep=\skip61
\c@Maxaffil=\count117
\c@authors=\count118
\c@affil=\count119
)
(./EMCAL Analysis Notes.aux

LaTeX Warning: Label `fig:BlockEMCAL' multiply defined.

)
\openout1 = `"EMCAL Analysis Notes.aux"'.

LaTeX Font Info:    Checking defaults for OML/cmm/m/it on input line 34.
LaTeX Font Info:    ... okay on input line 34.
LaTeX Font Info:    Checking defaults for T1/cmr/m/n on input line 34.
LaTeX Font Info:    ... okay on input line 34.
LaTeX Font Info:    Checking defaults for OT1/cmr/m/n on input line 34.
LaTeX Font Info:    ... okay on input line 34.
LaTeX Font Info:    Checking defaults for OMS/cmsy/m/n on input line 34.
LaTeX Font Info:    ... okay on input line 34.
LaTeX Font Info:    Checking defaults for OMX/cmex/m/n on input line 34.
LaTeX Font Info:    ... okay on input line 34.
LaTeX Font Info:    Checking defaults for U/cmr/m/n on input line 34.
LaTeX Font Info:    ... okay on input line 34.
LaTeX Font Info:    Checking defaults for PD1/pdf/m/n on input line 34.
LaTeX Font Info:    ... okay on input line 34.
\AtBeginShipoutBox=\box31
Package hyperref Info: Link coloring OFF on input line 34.
 (/usr/local/texlive/2015/texmf-dist/tex/latex/hyperref/nameref.sty
Package: nameref 2012/10/27 v2.43 Cross-referencing by name of section

(/usr/local/texlive/2015/texmf-dist/tex/generic/oberdiek/gettitlestring.sty
Package: gettitlestring 2010/12/03 v1.4 Cleanup title references (HO)
)
\c@section@level=\count120
)
LaTeX Info: Redefining \ref on input line 34.
LaTeX Info: Redefining \pageref on input line 34.
LaTeX Info: Redefining \nameref on input line 34.

(./EMCAL Analysis Notes.out) (./EMCAL Analysis Notes.out)
\@outlinefile=\write3
\openout3 = `"EMCAL Analysis Notes.out"'.


(/usr/local/texlive/2015/texmf-dist/tex/context/base/supp-pdf.mkii
[Loading MPS to PDF converter (version 2006.09.02).]
\scratchcounter=\count121
\scratchdimen=\dimen136
\scratchbox=\box32
\nofMPsegments=\count122
\nofMParguments=\count123
\everyMPshowfont=\toks27
\MPscratchCnt=\count124
\MPscratchDim=\dimen137
\MPnumerator=\count125
\makeMPintoPDFobject=\count126
\everyMPtoPDFconversion=\toks28
) (/usr/local/texlive/2015/texmf-dist/tex/latex/oberdiek/epstopdf-base.sty
Package: epstopdf-base 2010/02/09 v2.5 Base part for package epstopdf

(/usr/local/texlive/2015/texmf-dist/tex/latex/oberdiek/grfext.sty
Package: grfext 2010/08/19 v1.1 Manage graphics extensions (HO)
)
Package grfext Info: Graphics extension search list:
(grfext)             [.png,.pdf,.jpg,.mps,.jpeg,.jbig2,.jb2,.PNG,.PDF,.JPG,.JPE
G,.JBIG2,.JB2,.eps]
(grfext)             \AppendGraphicsExtensions on input line 452.

(/usr/local/texlive/2015/texmf-dist/tex/latex/latexconfig/epstopdf-sys.cfg
File: epstopdf-sys.cfg 2010/07/13 v1.3 Configuration of (r)epstopdf for TeX Liv
e
))
*geometry* driver: auto-detecting
*geometry* detected driver: pdftex
*geometry* verbose mode - [ preamble ] result:
* driver: pdftex
* paper: <default>
* layout: <same size as paper>
* layoutoffset:(h,v)=(0.0pt,0.0pt)
* modes: 
* h-part:(L,W,R)=(72.26999pt, 469.75502pt, 72.26999pt)
* v-part:(T,H,B)=(72.26999pt, 650.43001pt, 72.26999pt)
* \paperwidth=614.295pt
* \paperheight=794.96999pt
* \textwidth=469.75502pt
* \textheight=650.43001pt
* \oddsidemargin=0.0pt
* \evensidemargin=0.0pt
* \topmargin=0.0pt
* \headheight=0.0pt
* \headsep=0.0pt
* \topskip=11.0pt
* \footskip=30.0pt
* \marginparwidth=59.0pt
* \marginparsep=10.0pt
* \columnsep=10.0pt
* \skip\footins=10.0pt plus 4.0pt minus 2.0pt
* \hoffset=0.0pt
* \voffset=0.0pt
* \mag=1000
* \@twocolumnfalse
* \@twosidefalse
* \@mparswitchfalse
* \@reversemarginfalse
* (1in=72.27pt=25.4mm, 1cm=28.453pt)

Package caption Info: Begin \AtBeginDocument code.
Package caption Info: wrapfig package is loaded.
Package caption Info: End \AtBeginDocument code.
LaTeX Font Info:    Try loading font information for U+msa on input line 57.
(/usr/local/texlive/2015/texmf-dist/tex/latex/amsfonts/umsa.fd
File: umsa.fd 2013/01/14 v3.01 AMS symbols A
)
LaTeX Font Info:    Try loading font information for U+msb on input line 57.

(/usr/local/texlive/2015/texmf-dist/tex/latex/amsfonts/umsb.fd
File: umsb.fd 2013/01/14 v3.01 AMS symbols B
)
(./EMCAL Analysis Notes.toc [1

{/usr/local/texlive/2015/texmf-var/fonts/map/pdftex/updmap/pdftex.map}])
\tf@toc=\write4
\openout4 = `"EMCAL Analysis Notes.toc"'.

 [2] (./EMCAL Analysis Notes.lof [3

] [4])
\tf@lof=\write5
\openout5 = `"EMCAL Analysis Notes.lof"'.

 [5]
<Plots/TestBeamPhotos/2017TestBeamSetup.png, id=319, 404.712pt x 253.4268pt>
File: Plots/TestBeamPhotos/2017TestBeamSetup.png Graphic file (type png)

<use Plots/TestBeamPhotos/2017TestBeamSetup.png>
Package pdftex.def Info: Plots/TestBeamPhotos/2017TestBeamSetup.png used on inp
ut line 114.
(pdftex.def)             Requested size: 140.92793pt x 88.24826pt.

<Plots/TestBeamPhotos/2018TestBeamSetup.png, id=321, 4047.12pt x 3035.34pt>
File: Plots/TestBeamPhotos/2018TestBeamSetup.png Graphic file (type png)

<use Plots/TestBeamPhotos/2018TestBeamSetup.png>
Package pdftex.def Info: Plots/TestBeamPhotos/2018TestBeamSetup.png used on inp
ut line 115.
(pdftex.def)             Requested size: 117.43875pt x 88.04576pt.
 [6

]
<Plots/2017ScanPath.png, id=336, 349.7868pt x 306.9066pt>
File: Plots/2017ScanPath.png Graphic file (type png)

<use Plots/2017ScanPath.png>
Package pdftex.def Info: Plots/2017ScanPath.png used on input line 139.
(pdftex.def)             Requested size: 140.92793pt x 123.65022pt.

<Plots/2018ScanPath.png, id=337, 264.0264pt x 275.1078pt>
File: Plots/2018ScanPath.png Graphic file (type png)

<use Plots/2018ScanPath.png>
Package pdftex.def Info: Plots/2018ScanPath.png used on input line 140.
(pdftex.def)             Requested size: 117.43875pt x 122.3659pt.
 [7 <./Plots/TestBeamPhotos/2017TestBeamSetup.png> <./Plots/TestBeamPhotos/2018
TestBeamSetup.png>]
Overfull \hbox (41.87819pt too wide) in paragraph at lines 152--153
[][]$\OT1/cmtt/m/n/10.95 https : / / wiki . bnl . gov / sPHENIX / index . php /
 2017 _ calorimeter _ beam _ test / EMCal _ runs _ and _ analysis$[] 
 []


Overfull \hbox (41.87819pt too wide) in paragraph at lines 159--160
[][]$\OT1/cmtt/m/n/10.95 https : / / wiki . bnl . gov / sPHENIX / index . php /
 2018 _ calorimeter _ beam _ test / EMCal _ runs _ and _ analysis$[] 
 []

[8 <./Plots/2017ScanPath.png> <./Plots/2018ScanPath.png>]
Overfull \hbox (18.65501pt too wide) in paragraph at lines 167--168
\OT1/cmr/m/n/10.95 We run the codes lo-cated at []$\OT1/cmtt/m/n/10.95 https : 
/ / github . com / sPHENIX-[]Collaboration / analysis / tree / master /
 []


Overfull \hbox (4.59242pt too wide) in paragraph at lines 167--168
\OT1/cmtt/m/n/10.95 Prototype4 / EMCal$[] \OT1/cmr/m/n/10.95 to con-vert ``.prd
f" for-mat to ``.DSTReader.root" and then to ``.EM-Cal-Calib.root"
 []

[9] <Plots/Hodo/Hodoscope20172nd.png, id=372, 1200.485pt x 1176.395pt>
File: Plots/Hodo/Hodoscope20172nd.png Graphic file (type png)

<use Plots/Hodo/Hodoscope20172nd.png>
Package pdftex.def Info: Plots/Hodo/Hodoscope20172nd.png used on input line 214
.
(pdftex.def)             Requested size: 178.5092pt x 174.92586pt.

<Plots/Hodo/Hodoscope20173rd.png, id=373, 1200.485pt x 1176.395pt>
File: Plots/Hodo/Hodoscope20173rd.png Graphic file (type png)

<use Plots/Hodo/Hodoscope20173rd.png>
Package pdftex.def Info: Plots/Hodo/Hodoscope20173rd.png used on input line 215
.
(pdftex.def)             Requested size: 178.5092pt x 174.92586pt.

<Plots/Hodo/Hodoscope20183rd.png, id=374, 1200.485pt x 1176.395pt>
File: Plots/Hodo/Hodoscope20183rd.png Graphic file (type png)

<use Plots/Hodo/Hodoscope20183rd.png>
Package pdftex.def Info: Plots/Hodo/Hodoscope20183rd.png used on input line 216
.
(pdftex.def)             Requested size: 178.5092pt x 174.92586pt.

<Plots/Hodo/Hodoscope20184th.png, id=375, 1200.485pt x 1176.395pt>
File: Plots/Hodo/Hodoscope20184th.png Graphic file (type png)

<use Plots/Hodo/Hodoscope20184th.png>
Package pdftex.def Info: Plots/Hodo/Hodoscope20184th.png used on input line 217
.
(pdftex.def)             Requested size: 178.5092pt x 174.92586pt.

<Plots/Hodo/Hodoscope20185th.png, id=376, 1200.485pt x 1176.395pt>
File: Plots/Hodo/Hodoscope20185th.png Graphic file (type png)

<use Plots/Hodo/Hodoscope20185th.png>
Package pdftex.def Info: Plots/Hodo/Hodoscope20185th.png used on input line 218
.
(pdftex.def)             Requested size: 140.92793pt x 138.0918pt.

<Plots/Hodo/Hodoscope20186th.png, id=377, 1200.485pt x 1176.395pt>
File: Plots/Hodo/Hodoscope20186th.png Graphic file (type png)

<use Plots/Hodo/Hodoscope20186th.png>
Package pdftex.def Info: Plots/Hodo/Hodoscope20186th.png used on input line 219
.
(pdftex.def)             Requested size: 140.92793pt x 138.0918pt.

<Plots/Hodo/Hodoscope20187th.png, id=378, 1200.485pt x 1176.395pt>
File: Plots/Hodo/Hodoscope20187th.png Graphic file (type png)

<use Plots/Hodo/Hodoscope20187th.png>
Package pdftex.def Info: Plots/Hodo/Hodoscope20187th.png used on input line 220
.
(pdftex.def)             Requested size: 140.92793pt x 138.0918pt.
 [10] [11 <./Plots/Hodo/Hodoscope20172nd.png> <./Plots/Hodo/Hodoscope20173rd.pn
g> <./Plots/Hodo/Hodoscope20183rd.png> <./Plots/Hodo/Hodoscope20184th.png> <./P
lots/Hodo/Hodoscope20185th.png> <./Plots/Hodo/Hodoscope20186th.png> <./Plots/Ho
do/Hodoscope20187th.png>]
<Plots/Spectra/Plot_2017_Interpolation-sPHENIX-Rotation-Reversed_Fits_recalib_1
84-181.png, id=392, 798.985pt x 574.145pt>
File: Plots/Spectra/Plot_2017_Interpolation-sPHENIX-Rotation-Reversed_Fits_reca
lib_184-181.png Graphic file (type png)

<use Plots/Spectra/Plot_2017_Interpolation-sPHENIX-Rotation-Reversed_Fits_recal
ib_184-181.png>
Package pdftex.def Info: Plots/Spectra/Plot_2017_Interpolation-sPHENIX-Rotation
-Reversed_Fits_recalib_184-181.png used on input line 292.
(pdftex.def)             Requested size: 178.5092pt x 128.27469pt.

<Plots/Spectra/Plot_2017_Interpolation-Dual-Channel-Reversed_Fits_recalib_178-7
4.png, id=393, 798.985pt x 574.145pt>
File: Plots/Spectra/Plot_2017_Interpolation-Dual-Channel-Reversed_Fits_recalib_
178-74.png Graphic file (type png)

<use Plots/Spectra/Plot_2017_Interpolation-Dual-Channel-Reversed_Fits_recalib_1
78-74.png>
Package pdftex.def Info: Plots/Spectra/Plot_2017_Interpolation-Dual-Channel-Rev
ersed_Fits_recalib_178-74.png used on input line 293.
(pdftex.def)             Requested size: 178.5092pt x 128.27469pt.

<Plots/Spectra/Plot_2018_Interpolation-Dual-Channel-Reversed_Fits_recalib_405-2
56.png, id=394, 798.985pt x 574.145pt>
File: Plots/Spectra/Plot_2018_Interpolation-Dual-Channel-Reversed_Fits_recalib_
405-256.png Graphic file (type png)

<use Plots/Spectra/Plot_2018_Interpolation-Dual-Channel-Reversed_Fits_recalib_4
05-256.png>
Package pdftex.def Info: Plots/Spectra/Plot_2018_Interpolation-Dual-Channel-Rev
ersed_Fits_recalib_405-256.png used on input line 294.
(pdftex.def)             Requested size: 178.5092pt x 128.27469pt.

<Plots/Spectra/Plot_2018_Interpolation-sPHENIX-Rotation-Reversed_Fits_recalib_4
01-119.png, id=395, 798.985pt x 574.145pt>
File: Plots/Spectra/Plot_2018_Interpolation-sPHENIX-Rotation-Reversed_Fits_reca
lib_401-119.png Graphic file (type png)

<use Plots/Spectra/Plot_2018_Interpolation-sPHENIX-Rotation-Reversed_Fits_recal
ib_401-119.png>
Package pdftex.def Info: Plots/Spectra/Plot_2018_Interpolation-sPHENIX-Rotation
-Reversed_Fits_recalib_401-119.png used on input line 295.
(pdftex.def)             Requested size: 178.5092pt x 128.27469pt.

<Plots/Spectra/Plot_2018_Interpolation-Dual-Channel-Reversed_Fits_prod_518-150.
png, id=396, 798.985pt x 574.145pt>
File: Plots/Spectra/Plot_2018_Interpolation-Dual-Channel-Reversed_Fits_prod_518
-150.png Graphic file (type png)

<use Plots/Spectra/Plot_2018_Interpolation-Dual-Channel-Reversed_Fits_prod_518-
150.png>
Package pdftex.def Info: Plots/Spectra/Plot_2018_Interpolation-Dual-Channel-Rev
ersed_Fits_prod_518-150.png used on input line 296.
(pdftex.def)             Requested size: 178.5092pt x 128.27469pt.

<Plots/Spectra/Plot_2018_Interpolation-sPHENIX-Rotation-More-Reversed_Fits_prod
_493-163.png, id=397, 798.985pt x 574.145pt>
File: Plots/Spectra/Plot_2018_Interpolation-sPHENIX-Rotation-More-Reversed_Fits
_prod_493-163.png Graphic file (type png)

<use Plots/Spectra/Plot_2018_Interpolation-sPHENIX-Rotation-More-Reversed_Fits_
prod_493-163.png>
Package pdftex.def Info: Plots/Spectra/Plot_2018_Interpolation-sPHENIX-Rotation
-More-Reversed_Fits_prod_493-163.png used on input line 297.
(pdftex.def)             Requested size: 178.5092pt x 128.27469pt.

<Plots/Spectra/Plot_2018_Interpolation-sPHENIX-Rotation-Reversed_Fits_prod_445-
125.png, id=398, 798.985pt x 574.145pt>
File: Plots/Spectra/Plot_2018_Interpolation-sPHENIX-Rotation-Reversed_Fits_prod
_445-125.png Graphic file (type png)

<use Plots/Spectra/Plot_2018_Interpolation-sPHENIX-Rotation-Reversed_Fits_prod_
445-125.png>
Package pdftex.def Info: Plots/Spectra/Plot_2018_Interpolation-sPHENIX-Rotation
-Reversed_Fits_prod_445-125.png used on input line 298.
(pdftex.def)             Requested size: 178.5092pt x 128.27469pt.

<Plots/StatPo/StatPo20172ndScan.png, id=400, 798.985pt x 574.145pt>
File: Plots/StatPo/StatPo20172ndScan.png Graphic file (type png)

<use Plots/StatPo/StatPo20172ndScan.png>
Package pdftex.def Info: Plots/StatPo/StatPo20172ndScan.png used on input line 
308.
(pdftex.def)             Requested size: 178.5092pt x 128.27469pt.

<Plots/StatPo/StatPo20173rdScan.png, id=401, 798.985pt x 574.145pt>
File: Plots/StatPo/StatPo20173rdScan.png Graphic file (type png)

<use Plots/StatPo/StatPo20173rdScan.png>
Package pdftex.def Info: Plots/StatPo/StatPo20173rdScan.png used on input line 
309.
(pdftex.def)             Requested size: 178.5092pt x 128.27469pt.

<Plots/StatPo/StatPo20183rdScan.png, id=402, 798.985pt x 574.145pt>
File: Plots/StatPo/StatPo20183rdScan.png Graphic file (type png)

<use Plots/StatPo/StatPo20183rdScan.png>
Package pdftex.def Info: Plots/StatPo/StatPo20183rdScan.png used on input line 
310.
(pdftex.def)             Requested size: 178.5092pt x 128.27469pt.

<Plots/StatPo/StatPo20184thScan.png, id=403, 798.985pt x 574.145pt>
File: Plots/StatPo/StatPo20184thScan.png Graphic file (type png)

<use Plots/StatPo/StatPo20184thScan.png>
Package pdftex.def Info: Plots/StatPo/StatPo20184thScan.png used on input line 
311.
(pdftex.def)             Requested size: 178.5092pt x 128.27469pt.

<Plots/StatPo/StatPo20185thScan.png, id=404, 798.985pt x 574.145pt>
File: Plots/StatPo/StatPo20185thScan.png Graphic file (type png)

<use Plots/StatPo/StatPo20185thScan.png>
Package pdftex.def Info: Plots/StatPo/StatPo20185thScan.png used on input line 
312.
(pdftex.def)             Requested size: 178.5092pt x 128.27469pt.

<Plots/StatPo/StatPo20186thScan.png, id=405, 798.985pt x 574.145pt>
File: Plots/StatPo/StatPo20186thScan.png Graphic file (type png)

<use Plots/StatPo/StatPo20186thScan.png>
Package pdftex.def Info: Plots/StatPo/StatPo20186thScan.png used on input line 
313.
(pdftex.def)             Requested size: 178.5092pt x 128.27469pt.

<Plots/StatPo/StatPo20187thScan.png, id=406, 798.985pt x 574.145pt>
File: Plots/StatPo/StatPo20187thScan.png Graphic file (type png)

<use Plots/StatPo/StatPo20187thScan.png>
Package pdftex.def Info: Plots/StatPo/StatPo20187thScan.png used on input line 
314.
(pdftex.def)             Requested size: 178.5092pt x 128.27469pt.

<Plots/EnpoMeanMethod/EnPo20172ndScan.png, id=410, 798.985pt x 574.145pt>
File: Plots/EnpoMeanMethod/EnPo20172ndScan.png Graphic file (type png)

<use Plots/EnpoMeanMethod/EnPo20172ndScan.png>
Package pdftex.def Info: Plots/EnpoMeanMethod/EnPo20172ndScan.png used on input
 line 328.
(pdftex.def)             Requested size: 178.5092pt x 128.27469pt.

<Plots/EnpoMeanMethod/EnPo20173rdScan.png, id=411, 798.985pt x 574.145pt>
File: Plots/EnpoMeanMethod/EnPo20173rdScan.png Graphic file (type png)

<use Plots/EnpoMeanMethod/EnPo20173rdScan.png>
Package pdftex.def Info: Plots/EnpoMeanMethod/EnPo20173rdScan.png used on input
 line 329.
(pdftex.def)             Requested size: 178.5092pt x 128.27469pt.

<Plots/EnpoMeanMethod/EnPo20183rdScan.png, id=412, 798.985pt x 574.145pt>
File: Plots/EnpoMeanMethod/EnPo20183rdScan.png Graphic file (type png)

<use Plots/EnpoMeanMethod/EnPo20183rdScan.png>
Package pdftex.def Info: Plots/EnpoMeanMethod/EnPo20183rdScan.png used on input
 line 330.
(pdftex.def)             Requested size: 178.5092pt x 128.27469pt.

<Plots/EnpoMeanMethod/EnPo20184thScan.png, id=413, 798.985pt x 574.145pt>
File: Plots/EnpoMeanMethod/EnPo20184thScan.png Graphic file (type png)

<use Plots/EnpoMeanMethod/EnPo20184thScan.png>
Package pdftex.def Info: Plots/EnpoMeanMethod/EnPo20184thScan.png used on input
 line 331.
(pdftex.def)             Requested size: 178.5092pt x 128.27469pt.

<Plots/EnpoMeanMethod/EnPo20185thScan.png, id=414, 798.985pt x 574.145pt>
File: Plots/EnpoMeanMethod/EnPo20185thScan.png Graphic file (type png)

<use Plots/EnpoMeanMethod/EnPo20185thScan.png>
Package pdftex.def Info: Plots/EnpoMeanMethod/EnPo20185thScan.png used on input
 line 332.
(pdftex.def)             Requested size: 155.02pt x 111.39275pt.

<Plots/EnpoMeanMethod/EnPo20186thScan.png, id=415, 798.985pt x 574.145pt>
File: Plots/EnpoMeanMethod/EnPo20186thScan.png Graphic file (type png)

<use Plots/EnpoMeanMethod/EnPo20186thScan.png>
Package pdftex.def Info: Plots/EnpoMeanMethod/EnPo20186thScan.png used on input
 line 333.
(pdftex.def)             Requested size: 155.02pt x 111.39275pt.

<Plots/EnpoMeanMethod/EnPo20187thScan.png, id=416, 798.985pt x 574.145pt>
File: Plots/EnpoMeanMethod/EnPo20187thScan.png Graphic file (type png)

<use Plots/EnpoMeanMethod/EnPo20187thScan.png>
Package pdftex.def Info: Plots/EnpoMeanMethod/EnPo20187thScan.png used on input
 line 334.
(pdftex.def)             Requested size: 155.02pt x 111.39275pt.

<Plots/EnpoFitsMethod/EnPo20172ndScan.png, id=417, 798.985pt x 574.145pt>
File: Plots/EnpoFitsMethod/EnPo20172ndScan.png Graphic file (type png)

<use Plots/EnpoFitsMethod/EnPo20172ndScan.png>
Package pdftex.def Info: Plots/EnpoFitsMethod/EnPo20172ndScan.png used on input
 line 343.
(pdftex.def)             Requested size: 178.5092pt x 128.27469pt.

<Plots/EnpoFitsMethod/EnPo20173rdScan.png, id=418, 798.985pt x 574.145pt>
File: Plots/EnpoFitsMethod/EnPo20173rdScan.png Graphic file (type png)

<use Plots/EnpoFitsMethod/EnPo20173rdScan.png>
Package pdftex.def Info: Plots/EnpoFitsMethod/EnPo20173rdScan.png used on input
 line 344.
(pdftex.def)             Requested size: 178.5092pt x 128.27469pt.

<Plots/EnpoFitsMethod/EnPo20183rdScan.png, id=419, 798.985pt x 574.145pt>
File: Plots/EnpoFitsMethod/EnPo20183rdScan.png Graphic file (type png)

<use Plots/EnpoFitsMethod/EnPo20183rdScan.png>
Package pdftex.def Info: Plots/EnpoFitsMethod/EnPo20183rdScan.png used on input
 line 345.
(pdftex.def)             Requested size: 178.5092pt x 128.27469pt.

<Plots/EnpoFitsMethod/EnPo20184thScan.png, id=420, 798.985pt x 574.145pt>
File: Plots/EnpoFitsMethod/EnPo20184thScan.png Graphic file (type png)

<use Plots/EnpoFitsMethod/EnPo20184thScan.png>
Package pdftex.def Info: Plots/EnpoFitsMethod/EnPo20184thScan.png used on input
 line 346.
(pdftex.def)             Requested size: 178.5092pt x 128.27469pt.

<Plots/EnpoFitsMethod/EnPo20185thScan.png, id=421, 798.985pt x 574.145pt>
File: Plots/EnpoFitsMethod/EnPo20185thScan.png Graphic file (type png)

<use Plots/EnpoFitsMethod/EnPo20185thScan.png>
Package pdftex.def Info: Plots/EnpoFitsMethod/EnPo20185thScan.png used on input
 line 347.
(pdftex.def)             Requested size: 155.02pt x 111.39275pt.

<Plots/EnpoFitsMethod/EnPo20186thScan.png, id=422, 798.985pt x 574.145pt>
File: Plots/EnpoFitsMethod/EnPo20186thScan.png Graphic file (type png)

<use Plots/EnpoFitsMethod/EnPo20186thScan.png>
Package pdftex.def Info: Plots/EnpoFitsMethod/EnPo20186thScan.png used on input
 line 348.
(pdftex.def)             Requested size: 155.02pt x 111.39275pt.

<Plots/EnpoFitsMethod/EnPo20187thScan.png, id=423, 798.985pt x 574.145pt>
File: Plots/EnpoFitsMethod/EnPo20187thScan.png Graphic file (type png)

<use Plots/EnpoFitsMethod/EnPo20187thScan.png>
Package pdftex.def Info: Plots/EnpoFitsMethod/EnPo20187thScan.png used on input
 line 349.
(pdftex.def)             Requested size: 155.02pt x 111.39275pt.
 [12] [13 <./Plots/Spectra/Plot_2017_Interpolation-sPHENIX-Rotation-Reversed_Fi
ts_recalib_184-181.png> <./Plots/Spectra/Plot_2017_Interpolation-Dual-Channel-R
eversed_Fits_recalib_178-74.png> <./Plots/Spectra/Plot_2018_Interpolation-Dual-
Channel-Reversed_Fits_recalib_405-256.png> <./Plots/Spectra/Plot_2018_Interpola
tion-sPHENIX-Rotation-Reversed_Fits_recalib_401-119.png> <./Plots/Spectra/Plot_
2018_Interpolation-Dual-Channel-Reversed_Fits_prod_518-150.png> <./Plots/Spectr
a/Plot_2018_Interpolation-sPHENIX-Rotation-More-Reversed_Fits_prod_493-163.png>
 <./Plots/Spectra/Plot_2018_Interpolation-sPHENIX-Rotation-Reversed_Fits_prod_4
45-125.png>] [14 <./Plots/StatPo/StatPo20172ndScan.png> <./Plots/StatPo/StatPo2
0173rdScan.png> <./Plots/StatPo/StatPo20183rdScan.png> <./Plots/StatPo/StatPo20
184thScan.png> <./Plots/StatPo/StatPo20185thScan.png> <./Plots/StatPo/StatPo201
86thScan.png> <./Plots/StatPo/StatPo20187thScan.png>] [15 <./Plots/EnpoMeanMeth
od/EnPo20172ndScan.png> <./Plots/EnpoMeanMethod/EnPo20173rdScan.png> <./Plots/E
npoMeanMethod/EnPo20183rdScan.png> <./Plots/EnpoMeanMethod/EnPo20184thScan.png>
 <./Plots/EnpoMeanMethod/EnPo20185thScan.png> <./Plots/EnpoMeanMethod/EnPo20186
thScan.png> <./Plots/EnpoMeanMethod/EnPo20187thScan.png>] [16 <./Plots/EnpoFits
Method/EnPo20172ndScan.png> <./Plots/EnpoFitsMethod/EnPo20173rdScan.png> <./Plo
ts/EnpoFitsMethod/EnPo20183rdScan.png> <./Plots/EnpoFitsMethod/EnPo20184thScan.
png> <./Plots/EnpoFitsMethod/EnPo20185thScan.png> <./Plots/EnpoFitsMethod/EnPo2
0186thScan.png> <./Plots/EnpoFitsMethod/EnPo20187thScan.png>]
<Plots/InterMean/Inter20172ndScan.png, id=449, 798.985pt x 574.145pt>
File: Plots/InterMean/Inter20172ndScan.png Graphic file (type png)

<use Plots/InterMean/Inter20172ndScan.png>
Package pdftex.def Info: Plots/InterMean/Inter20172ndScan.png used on input lin
e 363.
(pdftex.def)             Requested size: 178.5092pt x 128.27469pt.

<Plots/InterMean/Inter20173rdScan.png, id=450, 798.985pt x 574.145pt>
File: Plots/InterMean/Inter20173rdScan.png Graphic file (type png)

<use Plots/InterMean/Inter20173rdScan.png>
Package pdftex.def Info: Plots/InterMean/Inter20173rdScan.png used on input lin
e 364.
(pdftex.def)             Requested size: 178.5092pt x 128.27469pt.

<Plots/InterMean/Inter20183rdScan.png, id=451, 798.985pt x 574.145pt>
File: Plots/InterMean/Inter20183rdScan.png Graphic file (type png)

<use Plots/InterMean/Inter20183rdScan.png>
Package pdftex.def Info: Plots/InterMean/Inter20183rdScan.png used on input lin
e 365.
(pdftex.def)             Requested size: 178.5092pt x 128.27469pt.

<Plots/InterMean/Inter20184thScan.png, id=452, 798.985pt x 574.145pt>
File: Plots/InterMean/Inter20184thScan.png Graphic file (type png)

<use Plots/InterMean/Inter20184thScan.png>
Package pdftex.def Info: Plots/InterMean/Inter20184thScan.png used on input lin
e 366.
(pdftex.def)             Requested size: 178.5092pt x 128.27469pt.

<Plots/InterMean/Inter20185thScan.png, id=453, 798.985pt x 574.145pt>
File: Plots/InterMean/Inter20185thScan.png Graphic file (type png)

<use Plots/InterMean/Inter20185thScan.png>
Package pdftex.def Info: Plots/InterMean/Inter20185thScan.png used on input lin
e 367.
(pdftex.def)             Requested size: 178.5092pt x 128.27469pt.

<Plots/InterMean/Inter20186thScan.png, id=454, 798.985pt x 574.145pt>
File: Plots/InterMean/Inter20186thScan.png Graphic file (type png)

<use Plots/InterMean/Inter20186thScan.png>
Package pdftex.def Info: Plots/InterMean/Inter20186thScan.png used on input lin
e 368.
(pdftex.def)             Requested size: 178.5092pt x 128.27469pt.

<Plots/InterMean/Inter20187thScan.png, id=455, 798.985pt x 574.145pt>
File: Plots/InterMean/Inter20187thScan.png Graphic file (type png)

<use Plots/InterMean/Inter20187thScan.png>
Package pdftex.def Info: Plots/InterMean/Inter20187thScan.png used on input lin
e 369.
(pdftex.def)             Requested size: 178.5092pt x 128.27469pt.

<Plots/InterFits/Inter20172ndScan.png, id=456, 798.985pt x 574.145pt>
File: Plots/InterFits/Inter20172ndScan.png Graphic file (type png)

<use Plots/InterFits/Inter20172ndScan.png>
Package pdftex.def Info: Plots/InterFits/Inter20172ndScan.png used on input lin
e 377.
(pdftex.def)             Requested size: 178.5092pt x 128.27469pt.

<Plots/InterFits/Inter20173rdScan.png, id=457, 798.985pt x 574.145pt>
File: Plots/InterFits/Inter20173rdScan.png Graphic file (type png)

<use Plots/InterFits/Inter20173rdScan.png>
Package pdftex.def Info: Plots/InterFits/Inter20173rdScan.png used on input lin
e 378.
(pdftex.def)             Requested size: 178.5092pt x 128.27469pt.

<Plots/InterFits/Inter20183rdScan.png, id=458, 798.985pt x 574.145pt>
File: Plots/InterFits/Inter20183rdScan.png Graphic file (type png)

<use Plots/InterFits/Inter20183rdScan.png>
Package pdftex.def Info: Plots/InterFits/Inter20183rdScan.png used on input lin
e 379.
(pdftex.def)             Requested size: 178.5092pt x 128.27469pt.

<Plots/InterFits/Inter20184thScan.png, id=459, 798.985pt x 574.145pt>
File: Plots/InterFits/Inter20184thScan.png Graphic file (type png)

<use Plots/InterFits/Inter20184thScan.png>
Package pdftex.def Info: Plots/InterFits/Inter20184thScan.png used on input lin
e 380.
(pdftex.def)             Requested size: 178.5092pt x 128.27469pt.

<Plots/InterFits/Inter20185thScan.png, id=460, 798.985pt x 574.145pt>
File: Plots/InterFits/Inter20185thScan.png Graphic file (type png)

<use Plots/InterFits/Inter20185thScan.png>
Package pdftex.def Info: Plots/InterFits/Inter20185thScan.png used on input lin
e 381.
(pdftex.def)             Requested size: 178.5092pt x 128.27469pt.

<Plots/InterFits/Inter20186thScan.png, id=461, 798.985pt x 574.145pt>
File: Plots/InterFits/Inter20186thScan.png Graphic file (type png)

<use Plots/InterFits/Inter20186thScan.png>
Package pdftex.def Info: Plots/InterFits/Inter20186thScan.png used on input lin
e 382.
(pdftex.def)             Requested size: 178.5092pt x 128.27469pt.

<Plots/InterFits/Inter20187thScan.png, id=462, 798.985pt x 574.145pt>
File: Plots/InterFits/Inter20187thScan.png Graphic file (type png)

<use Plots/InterFits/Inter20187thScan.png>
Package pdftex.def Info: Plots/InterFits/Inter20187thScan.png used on input lin
e 383.
(pdftex.def)             Requested size: 178.5092pt x 128.27469pt.


LaTeX Warning: Reference `fig:BlockEMCAL2018' on page 17 undefined on input lin
e 391.


<Plots/BlockConfig/Inter20172ndScanLabeled.png, id=464, 1418.29875pt x 1038.881
26pt>
File: Plots/BlockConfig/Inter20172ndScanLabeled.png Graphic file (type png)
 <use Plots/BlockConfig/Inter20172ndScanLabeled.png>
Package pdftex.def Info: Plots/BlockConfig/Inter20172ndScanLabeled.png used on 
input line 395.
(pdftex.def)             Requested size: 178.5092pt x 130.74754pt.

<Plots/BlockConfig/Inter20173rdScanLabeled.png, id=465, 1409.265pt x 1033.8625p
t>
File: Plots/BlockConfig/Inter20173rdScanLabeled.png Graphic file (type png)
 <use Plots/BlockConfig/Inter20173rdScanLabeled.png>
Package pdftex.def Info: Plots/BlockConfig/Inter20173rdScanLabeled.png used on 
input line 396.
(pdftex.def)             Requested size: 178.5092pt x 130.95201pt.

<Plots/BlockConfig/BlockConfig.png, id=466, 318.9516pt x 311.2428pt>
File: Plots/BlockConfig/BlockConfig.png Graphic file (type png)

<use Plots/BlockConfig/BlockConfig.png>
Package pdftex.def Info: Plots/BlockConfig/BlockConfig.png used on input line 3
97.
(pdftex.def)             Requested size: 178.5092pt x 174.19978pt.

<Plots/BlockConfig/Inter20185thScanLabeled.png, id=467, 722.7pt x 542.025pt>
File: Plots/BlockConfig/Inter20185thScanLabeled.png Graphic file (type png)

<use Plots/BlockConfig/Inter20185thScanLabeled.png>
Package pdftex.def Info: Plots/BlockConfig/Inter20185thScanLabeled.png used on 
input line 405.
(pdftex.def)             Requested size: 178.5092pt x 133.8766pt.

<Plots/BlockConfig/Inter20186thScanLabeled.png, id=468, 722.7pt x 542.025pt>
File: Plots/BlockConfig/Inter20186thScanLabeled.png Graphic file (type png)

<use Plots/BlockConfig/Inter20186thScanLabeled.png>
Package pdftex.def Info: Plots/BlockConfig/Inter20186thScanLabeled.png used on 
input line 406.
(pdftex.def)             Requested size: 178.5092pt x 133.8766pt.

<Plots/BlockConfig/Inter20187thScanLabeled.png, id=469, 722.7pt x 542.025pt>
File: Plots/BlockConfig/Inter20187thScanLabeled.png Graphic file (type png)

<use Plots/BlockConfig/Inter20187thScanLabeled.png>
Package pdftex.def Info: Plots/BlockConfig/Inter20187thScanLabeled.png used on 
input line 407.
(pdftex.def)             Requested size: 178.5092pt x 133.8766pt.

<Plots/BlockConfig/BlockConfig2018.png, id=470, 722.7pt x 542.025pt>
File: Plots/BlockConfig/BlockConfig2018.png Graphic file (type png)

<use Plots/BlockConfig/BlockConfig2018.png>
Package pdftex.def Info: Plots/BlockConfig/BlockConfig2018.png used on input li
ne 408.
(pdftex.def)             Requested size: 178.5092pt x 133.8766pt.

<Plots/InterMeanWithLine/Inter20172ndScan.png, id=473, 798.985pt x 574.145pt>
File: Plots/InterMeanWithLine/Inter20172ndScan.png Graphic file (type png)

<use Plots/InterMeanWithLine/Inter20172ndScan.png>
Package pdftex.def Info: Plots/InterMeanWithLine/Inter20172ndScan.png used on i
nput line 419.
(pdftex.def)             Requested size: 178.5092pt x 128.27469pt.

<Plots/InterMeanWithLine/Inter20173rdScan.png, id=474, 798.985pt x 574.145pt>
File: Plots/InterMeanWithLine/Inter20173rdScan.png Graphic file (type png)

<use Plots/InterMeanWithLine/Inter20173rdScan.png>
Package pdftex.def Info: Plots/InterMeanWithLine/Inter20173rdScan.png used on i
nput line 420.
(pdftex.def)             Requested size: 178.5092pt x 128.27469pt.

<Plots/2018NoInterMean/EnPo20183rdScan.png, id=475, 798.985pt x 574.145pt>
File: Plots/2018NoInterMean/EnPo20183rdScan.png Graphic file (type png)

<use Plots/2018NoInterMean/EnPo20183rdScan.png>
Package pdftex.def Info: Plots/2018NoInterMean/EnPo20183rdScan.png used on inpu
t line 421.
(pdftex.def)             Requested size: 178.5092pt x 128.27469pt.

<Plots/2018NoInterMean/EnPo20184thScan.png, id=476, 798.985pt x 574.145pt>
File: Plots/2018NoInterMean/EnPo20184thScan.png Graphic file (type png)

<use Plots/2018NoInterMean/EnPo20184thScan.png>
Package pdftex.def Info: Plots/2018NoInterMean/EnPo20184thScan.png used on inpu
t line 422.
(pdftex.def)             Requested size: 178.5092pt x 128.27469pt.

<Plots/2018NoInterMean/EnPo20185thScan.png, id=477, 798.985pt x 574.145pt>
File: Plots/2018NoInterMean/EnPo20185thScan.png Graphic file (type png)

<use Plots/2018NoInterMean/EnPo20185thScan.png>
Package pdftex.def Info: Plots/2018NoInterMean/EnPo20185thScan.png used on inpu
t line 423.
(pdftex.def)             Requested size: 178.5092pt x 128.27469pt.

<Plots/2018NoInterMean/EnPo20186thScan.png, id=478, 798.985pt x 574.145pt>
File: Plots/2018NoInterMean/EnPo20186thScan.png Graphic file (type png)

<use Plots/2018NoInterMean/EnPo20186thScan.png>
Package pdftex.def Info: Plots/2018NoInterMean/EnPo20186thScan.png used on inpu
t line 424.
(pdftex.def)             Requested size: 178.5092pt x 128.27469pt.

<Plots/2018NoInterMean/EnPo20187thScan.png, id=479, 798.985pt x 574.145pt>
File: Plots/2018NoInterMean/EnPo20187thScan.png Graphic file (type png)

<use Plots/2018NoInterMean/EnPo20187thScan.png>
Package pdftex.def Info: Plots/2018NoInterMean/EnPo20187thScan.png used on inpu
t line 425.
(pdftex.def)             Requested size: 178.5092pt x 128.27469pt.

<Plots/InterFitsWithLine/Inter20172ndScan.png, id=480, 798.985pt x 574.145pt>
File: Plots/InterFitsWithLine/Inter20172ndScan.png Graphic file (type png)

<use Plots/InterFitsWithLine/Inter20172ndScan.png>
Package pdftex.def Info: Plots/InterFitsWithLine/Inter20172ndScan.png used on i
nput line 434.
(pdftex.def)             Requested size: 178.5092pt x 128.27469pt.

<Plots/InterFitsWithLine/Inter20173rdScan.png, id=481, 798.985pt x 574.145pt>
File: Plots/InterFitsWithLine/Inter20173rdScan.png Graphic file (type png)

<use Plots/InterFitsWithLine/Inter20173rdScan.png>
Package pdftex.def Info: Plots/InterFitsWithLine/Inter20173rdScan.png used on i
nput line 435.
(pdftex.def)             Requested size: 178.5092pt x 128.27469pt.

<Plots/2018NoInterFits/EnPo20183rdScan.png, id=482, 798.985pt x 574.145pt>
File: Plots/2018NoInterFits/EnPo20183rdScan.png Graphic file (type png)

<use Plots/2018NoInterFits/EnPo20183rdScan.png>
Package pdftex.def Info: Plots/2018NoInterFits/EnPo20183rdScan.png used on inpu
t line 436.
(pdftex.def)             Requested size: 178.5092pt x 128.27469pt.

<Plots/2018NoInterFits/EnPo20184thScan.png, id=483, 798.985pt x 574.145pt>
File: Plots/2018NoInterFits/EnPo20184thScan.png Graphic file (type png)

<use Plots/2018NoInterFits/EnPo20184thScan.png>
Package pdftex.def Info: Plots/2018NoInterFits/EnPo20184thScan.png used on inpu
t line 437.
(pdftex.def)             Requested size: 178.5092pt x 128.27469pt.

<Plots/2018NoInterFits/EnPo20185thScan.png, id=484, 798.985pt x 574.145pt>
File: Plots/2018NoInterFits/EnPo20185thScan.png Graphic file (type png)

<use Plots/2018NoInterFits/EnPo20185thScan.png>
Package pdftex.def Info: Plots/2018NoInterFits/EnPo20185thScan.png used on inpu
t line 438.
(pdftex.def)             Requested size: 178.5092pt x 128.27469pt.

<Plots/2018NoInterFits/EnPo20186thScan.png, id=485, 798.985pt x 574.145pt>
File: Plots/2018NoInterFits/EnPo20186thScan.png Graphic file (type png)

<use Plots/2018NoInterFits/EnPo20186thScan.png>
Package pdftex.def Info: Plots/2018NoInterFits/EnPo20186thScan.png used on inpu
t line 439.
(pdftex.def)             Requested size: 178.5092pt x 128.27469pt.

<Plots/2018NoInterFits/EnPo20187thScan.png, id=486, 798.985pt x 574.145pt>
File: Plots/2018NoInterFits/EnPo20187thScan.png Graphic file (type png)

<use Plots/2018NoInterFits/EnPo20187thScan.png>
Package pdftex.def Info: Plots/2018NoInterFits/EnPo20187thScan.png used on inpu
t line 440.
(pdftex.def)             Requested size: 178.5092pt x 128.27469pt.

<Plots/2017/2nd/Normalized.png, id=494, 798.985pt x 574.145pt>
File: Plots/2017/2nd/Normalized.png Graphic file (type png)

<use Plots/2017/2nd/Normalized.png>
Package pdftex.def Info: Plots/2017/2nd/Normalized.png used on input line 457.
(pdftex.def)             Requested size: 211.38832pt x 151.90239pt.

<Plots/2017/3rd/Normalized.png, id=495, 798.985pt x 574.145pt>
File: Plots/2017/3rd/Normalized.png Graphic file (type png)

<use Plots/2017/3rd/Normalized.png>
Package pdftex.def Info: Plots/2017/3rd/Normalized.png used on input line 458.
(pdftex.def)             Requested size: 211.38832pt x 151.90239pt.

<Plots/2018/3rd/Normalized.png, id=496, 798.985pt x 574.145pt>
File: Plots/2018/3rd/Normalized.png Graphic file (type png)

<use Plots/2018/3rd/Normalized.png>
Package pdftex.def Info: Plots/2018/3rd/Normalized.png used on input line 459.
(pdftex.def)             Requested size: 211.38832pt x 151.90239pt.

<Plots/2018/4th/Normalized.png, id=497, 798.985pt x 574.145pt>
File: Plots/2018/4th/Normalized.png Graphic file (type png)

<use Plots/2018/4th/Normalized.png>
Package pdftex.def Info: Plots/2018/4th/Normalized.png used on input line 460.
(pdftex.def)             Requested size: 211.38832pt x 151.90239pt.

<Plots/2018/5th/Normalized.png, id=498, 798.985pt x 574.145pt>
File: Plots/2018/5th/Normalized.png Graphic file (type png)

<use Plots/2018/5th/Normalized.png>
Package pdftex.def Info: Plots/2018/5th/Normalized.png used on input line 461.
(pdftex.def)             Requested size: 211.38832pt x 151.90239pt.

<Plots/2018/6th/Normalized.png, id=499, 798.985pt x 574.145pt>
File: Plots/2018/6th/Normalized.png Graphic file (type png)

<use Plots/2018/6th/Normalized.png>
Package pdftex.def Info: Plots/2018/6th/Normalized.png used on input line 462.
(pdftex.def)             Requested size: 211.38832pt x 151.90239pt.

<Plots/2018/7th/Normalized.png, id=500, 798.985pt x 574.145pt>
File: Plots/2018/7th/Normalized.png Graphic file (type png)

<use Plots/2018/7th/Normalized.png>
Package pdftex.def Info: Plots/2018/7th/Normalized.png used on input line 463.
(pdftex.def)             Requested size: 211.38832pt x 151.90239pt.


LaTeX Warning: Float too large for page by 18.17955pt on input line 467.

<Plots/2017/2nd/CombY5.png, id=501, 1200.485pt x 574.145pt>
File: Plots/2017/2nd/CombY5.png Graphic file (type png)

<use Plots/2017/2nd/CombY5.png>
Package pdftex.def Info: Plots/2017/2nd/CombY5.png used on input line 471.
(pdftex.def)             Requested size: 211.38832pt x 101.09889pt.

<Plots/2017/2nd/CombY6.png, id=502, 1200.485pt x 574.145pt>
File: Plots/2017/2nd/CombY6.png Graphic file (type png)

<use Plots/2017/2nd/CombY6.png>
Package pdftex.def Info: Plots/2017/2nd/CombY6.png used on input line 472.
(pdftex.def)             Requested size: 211.38832pt x 101.09889pt.

<Plots/2017/3rd/CombY5.png, id=503, 1200.485pt x 574.145pt>
File: Plots/2017/3rd/CombY5.png Graphic file (type png)

<use Plots/2017/3rd/CombY5.png>
Package pdftex.def Info: Plots/2017/3rd/CombY5.png used on input line 473.
(pdftex.def)             Requested size: 211.38832pt x 101.09889pt.

<Plots/2017/3rd/CombY6.png, id=504, 1200.485pt x 574.145pt>
File: Plots/2017/3rd/CombY6.png Graphic file (type png)

<use Plots/2017/3rd/CombY6.png>
Package pdftex.def Info: Plots/2017/3rd/CombY6.png used on input line 474.
(pdftex.def)             Requested size: 211.38832pt x 101.09889pt.

<Plots/2017/2nd/CombX5.png, id=505, 1200.485pt x 574.145pt>
File: Plots/2017/2nd/CombX5.png Graphic file (type png)

<use Plots/2017/2nd/CombX5.png>
Package pdftex.def Info: Plots/2017/2nd/CombX5.png used on input line 482.
(pdftex.def)             Requested size: 211.38832pt x 101.09889pt.

<Plots/2017/2nd/CombX6.png, id=506, 1200.485pt x 574.145pt>
File: Plots/2017/2nd/CombX6.png Graphic file (type png)

<use Plots/2017/2nd/CombX6.png>
Package pdftex.def Info: Plots/2017/2nd/CombX6.png used on input line 483.
(pdftex.def)             Requested size: 211.38832pt x 101.09889pt.

<Plots/2017/3rd/CombX5.png, id=507, 1200.485pt x 574.145pt>
File: Plots/2017/3rd/CombX5.png Graphic file (type png)

<use Plots/2017/3rd/CombX5.png>
Package pdftex.def Info: Plots/2017/3rd/CombX5.png used on input line 484.
(pdftex.def)             Requested size: 211.38832pt x 101.09889pt.

<Plots/2017/3rd/CombX6.png, id=508, 1200.485pt x 574.145pt>
File: Plots/2017/3rd/CombX6.png Graphic file (type png)

<use Plots/2017/3rd/CombX6.png>
Package pdftex.def Info: Plots/2017/3rd/CombX6.png used on input line 485.
(pdftex.def)             Requested size: 211.38832pt x 101.09889pt.

<Plots/2018/3rd/CombY5.png, id=509, 1200.485pt x 574.145pt>
File: Plots/2018/3rd/CombY5.png Graphic file (type png)

<use Plots/2018/3rd/CombY5.png>
Package pdftex.def Info: Plots/2018/3rd/CombY5.png used on input line 494.
(pdftex.def)             Requested size: 211.38832pt x 101.09889pt.

<Plots/2018/3rd/CombY6.png, id=510, 1200.485pt x 574.145pt>
File: Plots/2018/3rd/CombY6.png Graphic file (type png)

<use Plots/2018/3rd/CombY6.png>
Package pdftex.def Info: Plots/2018/3rd/CombY6.png used on input line 495.
(pdftex.def)             Requested size: 211.38832pt x 101.09889pt.

<Plots/2018/4th/CombY5.png, id=511, 1200.485pt x 574.145pt>
File: Plots/2018/4th/CombY5.png Graphic file (type png)

<use Plots/2018/4th/CombY5.png>
Package pdftex.def Info: Plots/2018/4th/CombY5.png used on input line 496.
(pdftex.def)             Requested size: 211.38832pt x 101.09889pt.

<Plots/2018/4th/CombY6.png, id=512, 1200.485pt x 574.145pt>
File: Plots/2018/4th/CombY6.png Graphic file (type png)

<use Plots/2018/4th/CombY6.png>
Package pdftex.def Info: Plots/2018/4th/CombY6.png used on input line 497.
(pdftex.def)             Requested size: 211.38832pt x 101.09889pt.

<Plots/2018/5th/CombY4.png, id=513, 1200.485pt x 574.145pt>
File: Plots/2018/5th/CombY4.png Graphic file (type png)

<use Plots/2018/5th/CombY4.png>
Package pdftex.def Info: Plots/2018/5th/CombY4.png used on input line 498.
(pdftex.def)             Requested size: 211.38832pt x 101.09889pt.

<Plots/2018/5th/CombY5.png, id=514, 1200.485pt x 574.145pt>
File: Plots/2018/5th/CombY5.png Graphic file (type png)

<use Plots/2018/5th/CombY5.png>
Package pdftex.def Info: Plots/2018/5th/CombY5.png used on input line 499.
(pdftex.def)             Requested size: 211.38832pt x 101.09889pt.

<Plots/2018/6th/CombY5.png, id=515, 1200.485pt x 574.145pt>
File: Plots/2018/6th/CombY5.png Graphic file (type png)

<use Plots/2018/6th/CombY5.png>
Package pdftex.def Info: Plots/2018/6th/CombY5.png used on input line 500.
(pdftex.def)             Requested size: 211.38832pt x 101.09889pt.

<Plots/2018/6th/CombY6.png, id=516, 1200.485pt x 574.145pt>
File: Plots/2018/6th/CombY6.png Graphic file (type png)

<use Plots/2018/6th/CombY6.png>
Package pdftex.def Info: Plots/2018/6th/CombY6.png used on input line 501.
(pdftex.def)             Requested size: 211.38832pt x 101.09889pt.

<Plots/2018/7th/CombY5.png, id=517, 1200.485pt x 574.145pt>
File: Plots/2018/7th/CombY5.png Graphic file (type png)

<use Plots/2018/7th/CombY5.png>
Package pdftex.def Info: Plots/2018/7th/CombY5.png used on input line 502.
(pdftex.def)             Requested size: 211.38832pt x 101.09889pt.

<Plots/2018/7th/CombY6.png, id=518, 1200.485pt x 574.145pt>
File: Plots/2018/7th/CombY6.png Graphic file (type png)

<use Plots/2018/7th/CombY6.png>
Package pdftex.def Info: Plots/2018/7th/CombY6.png used on input line 503.
(pdftex.def)             Requested size: 211.38832pt x 101.09889pt.

<Plots/2018/3rd/CombX6.png, id=519, 1200.485pt x 574.145pt>
File: Plots/2018/3rd/CombX6.png Graphic file (type png)

<use Plots/2018/3rd/CombX6.png>
Package pdftex.def Info: Plots/2018/3rd/CombX6.png used on input line 511.
(pdftex.def)             Requested size: 211.38832pt x 101.09889pt.

<Plots/2018/3rd/CombX7.png, id=520, 1200.485pt x 574.145pt>
File: Plots/2018/3rd/CombX7.png Graphic file (type png)

<use Plots/2018/3rd/CombX7.png>
Package pdftex.def Info: Plots/2018/3rd/CombX7.png used on input line 512.
(pdftex.def)             Requested size: 211.38832pt x 101.09889pt.

<Plots/2018/4th/CombX6.png, id=521, 1200.485pt x 574.145pt>
File: Plots/2018/4th/CombX6.png Graphic file (type png)

<use Plots/2018/4th/CombX6.png>
Package pdftex.def Info: Plots/2018/4th/CombX6.png used on input line 513.
(pdftex.def)             Requested size: 211.38832pt x 101.09889pt.

<Plots/2018/4th/CombX7.png, id=522, 1200.485pt x 574.145pt>
File: Plots/2018/4th/CombX7.png Graphic file (type png)

<use Plots/2018/4th/CombX7.png>
Package pdftex.def Info: Plots/2018/4th/CombX7.png used on input line 514.
(pdftex.def)             Requested size: 211.38832pt x 101.09889pt.

<Plots/2018/5th/CombX6.png, id=523, 1200.485pt x 574.145pt>
File: Plots/2018/5th/CombX6.png Graphic file (type png)

<use Plots/2018/5th/CombX6.png>
Package pdftex.def Info: Plots/2018/5th/CombX6.png used on input line 515.
(pdftex.def)             Requested size: 211.38832pt x 101.09889pt.

<Plots/2018/5th/CombX7.png, id=524, 1200.485pt x 574.145pt>
File: Plots/2018/5th/CombX7.png Graphic file (type png)

<use Plots/2018/5th/CombX7.png>
Package pdftex.def Info: Plots/2018/5th/CombX7.png used on input line 516.
(pdftex.def)             Requested size: 211.38832pt x 101.09889pt.

<Plots/2018/6th/CombX6.png, id=525, 1200.485pt x 574.145pt>
File: Plots/2018/6th/CombX6.png Graphic file (type png)

<use Plots/2018/6th/CombX6.png>
Package pdftex.def Info: Plots/2018/6th/CombX6.png used on input line 517.
(pdftex.def)             Requested size: 211.38832pt x 101.09889pt.

<Plots/2018/6th/CombX7.png, id=526, 1200.485pt x 574.145pt>
File: Plots/2018/6th/CombX7.png Graphic file (type png)

<use Plots/2018/6th/CombX7.png>
Package pdftex.def Info: Plots/2018/6th/CombX7.png used on input line 518.
(pdftex.def)             Requested size: 211.38832pt x 101.09889pt.

<Plots/2018/7th/CombX6.png, id=527, 1200.485pt x 574.145pt>
File: Plots/2018/7th/CombX6.png Graphic file (type png)

<use Plots/2018/7th/CombX6.png>
Package pdftex.def Info: Plots/2018/7th/CombX6.png used on input line 519.
(pdftex.def)             Requested size: 211.38832pt x 101.09889pt.

<Plots/2018/7th/CombX7.png, id=528, 1200.485pt x 574.145pt>
File: Plots/2018/7th/CombX7.png Graphic file (type png)

<use Plots/2018/7th/CombX7.png>
Package pdftex.def Info: Plots/2018/7th/CombX7.png used on input line 520.
(pdftex.def)             Requested size: 211.38832pt x 101.09889pt.

<Plots/2017/2nd/ProjectionRange.png, id=530, 598.235pt x 574.145pt>
File: Plots/2017/2nd/ProjectionRange.png Graphic file (type png)

<use Plots/2017/2nd/ProjectionRange.png>
Package pdftex.def Info: Plots/2017/2nd/ProjectionRange.png used on input line 
533.
(pdftex.def)             Requested size: 159.71498pt x 153.28659pt.

<Plots/2017/3rd/ProjectionRange.png, id=531, 598.235pt x 574.145pt>
File: Plots/2017/3rd/ProjectionRange.png Graphic file (type png)

<use Plots/2017/3rd/ProjectionRange.png>
Package pdftex.def Info: Plots/2017/3rd/ProjectionRange.png used on input line 
534.
(pdftex.def)             Requested size: 159.71498pt x 153.28659pt.

<Plots/2018/3rd/ProjectionRange.png, id=532, 598.235pt x 574.145pt>
File: Plots/2018/3rd/ProjectionRange.png Graphic file (type png)

<use Plots/2018/3rd/ProjectionRange.png>
Package pdftex.def Info: Plots/2018/3rd/ProjectionRange.png used on input line 
535.
(pdftex.def)             Requested size: 159.71498pt x 153.28659pt.

<Plots/2018/4th/ProjectionRange.png, id=533, 598.235pt x 574.145pt>
File: Plots/2018/4th/ProjectionRange.png Graphic file (type png)

<use Plots/2018/4th/ProjectionRange.png>
Package pdftex.def Info: Plots/2018/4th/ProjectionRange.png used on input line 
536.
(pdftex.def)             Requested size: 159.71498pt x 153.28659pt.

<Plots/2018/5th/ProjectionRange.png, id=534, 598.235pt x 574.145pt>
File: Plots/2018/5th/ProjectionRange.png Graphic file (type png)

<use Plots/2018/5th/ProjectionRange.png>
Package pdftex.def Info: Plots/2018/5th/ProjectionRange.png used on input line 
537.
(pdftex.def)             Requested size: 159.71498pt x 153.28659pt.

<Plots/2018/6th/ProjectionRange.png, id=535, 598.235pt x 574.145pt>
File: Plots/2018/6th/ProjectionRange.png Graphic file (type png)

<use Plots/2018/6th/ProjectionRange.png>
Package pdftex.def Info: Plots/2018/6th/ProjectionRange.png used on input line 
538.
(pdftex.def)             Requested size: 159.71498pt x 153.28659pt.

<Plots/2018/7th/ProjectionRange.png, id=536, 598.235pt x 574.145pt>
File: Plots/2018/7th/ProjectionRange.png Graphic file (type png)

<use Plots/2018/7th/ProjectionRange.png>
Package pdftex.def Info: Plots/2018/7th/ProjectionRange.png used on input line 
539.
(pdftex.def)             Requested size: 159.71498pt x 153.28659pt.


LaTeX Warning: Float too large for page by 23.71635pt on input line 543.

[17] [18 <./Plots/InterMean/Inter20172ndScan.png> <./Plots/InterMean/Inter20173
rdScan.png> <./Plots/InterMean/Inter20183rdScan.png> <./Plots/InterMean/Inter20
184thScan.png> <./Plots/InterMean/Inter20185thScan.png> <./Plots/InterMean/Inte
r20186thScan.png> <./Plots/InterMean/Inter20187thScan.png>] [19 <./Plots/InterF
its/Inter20172ndScan.png> <./Plots/InterFits/Inter20173rdScan.png> <./Plots/Int
erFits/Inter20183rdScan.png> <./Plots/InterFits/Inter20184thScan.png> <./Plots/
InterFits/Inter20185thScan.png> <./Plots/InterFits/Inter20186thScan.png> <./Plo
ts/InterFits/Inter20187thScan.png>] [20 <./Plots/BlockConfig/Inter20172ndScanLa
beled.png> <./Plots/BlockConfig/Inter20173rdScanLabeled.png> <./Plots/BlockConf
ig/BlockConfig.png>] [21 <./Plots/BlockConfig/Inter20185thScanLabeled.png> <./P
lots/BlockConfig/Inter20186thScanLabeled.png> <./Plots/BlockConfig/Inter20187th
ScanLabeled.png> <./Plots/BlockConfig/BlockConfig2018.png>] [22 <./Plots/InterM
eanWithLine/Inter20172ndScan.png> <./Plots/InterMeanWithLine/Inter20173rdScan.p
ng> <./Plots/2018NoInterMean/EnPo20183rdScan.png> <./Plots/2018NoInterMean/EnPo
20184thScan.png> <./Plots/2018NoInterMean/EnPo20185thScan.png> <./Plots/2018NoI
nterMean/EnPo20186thScan.png> <./Plots/2018NoInterMean/EnPo20187thScan.png>]
[23 <./Plots/InterFitsWithLine/Inter20172ndScan.png> <./Plots/InterFitsWithLine
/Inter20173rdScan.png> <./Plots/2018NoInterFits/EnPo20183rdScan.png> <./Plots/2
018NoInterFits/EnPo20184thScan.png> <./Plots/2018NoInterFits/EnPo20185thScan.pn
g> <./Plots/2018NoInterFits/EnPo20186thScan.png> <./Plots/2018NoInterFits/EnPo2
0187thScan.png>] [24 <./Plots/2017/2nd/Normalized.png> <./Plots/2017/3rd/Normal
ized.png> <./Plots/2018/3rd/Normalized.png> <./Plots/2018/4th/Normalized.png> <
./Plots/2018/5th/Normalized.png> <./Plots/2018/6th/Normalized.png> <./Plots/201
8/7th/Normalized.png>] [25 <./Plots/2017/2nd/CombY5.png> <./Plots/2017/2nd/Comb
Y6.png> <./Plots/2017/3rd/CombY5.png> <./Plots/2017/3rd/CombY6.png> <./Plots/20
17/2nd/CombX5.png> <./Plots/2017/2nd/CombX6.png> <./Plots/2017/3rd/CombX5.png> 
<./Plots/2017/3rd/CombX6.png>] [26 <./Plots/2018/3rd/CombY5.png> <./Plots/2018/
3rd/CombY6.png> <./Plots/2018/4th/CombY5.png> <./Plots/2018/4th/CombY6.png> <./
Plots/2018/5th/CombY4.png> <./Plots/2018/5th/CombY5.png> <./Plots/2018/6th/Comb
Y5.png> <./Plots/2018/6th/CombY6.png> <./Plots/2018/7th/CombY5.png> <./Plots/20
18/7th/CombY6.png>] [27 <./Plots/2018/3rd/CombX6.png> <./Plots/2018/3rd/CombX7.
png> <./Plots/2018/4th/CombX6.png> <./Plots/2018/4th/CombX7.png> <./Plots/2018/
5th/CombX6.png> <./Plots/2018/5th/CombX7.png> <./Plots/2018/6th/CombX6.png> <./
Plots/2018/6th/CombX7.png> <./Plots/2018/7th/CombX6.png> <./Plots/2018/7th/Comb
X7.png>]
<Plots/CentralProj/20172ndRMSPlotGausFitted.png, id=590, 598.235pt x 574.145pt>
File: Plots/CentralProj/20172ndRMSPlotGausFitted.png Graphic file (type png)
<use Plots/CentralProj/20172ndRMSPlotGausFitted.png>
Package pdftex.def Info: Plots/CentralProj/20172ndRMSPlotGausFitted.png used on
 input line 551.
(pdftex.def)             Requested size: 145.6229pt x 139.76001pt.

<Plots/CentralProj/20173rdRMSPlotGausFitted.png, id=591, 598.235pt x 574.145pt>
File: Plots/CentralProj/20173rdRMSPlotGausFitted.png Graphic file (type png)
<use Plots/CentralProj/20173rdRMSPlotGausFitted.png>
Package pdftex.def Info: Plots/CentralProj/20173rdRMSPlotGausFitted.png used on
 input line 552.
(pdftex.def)             Requested size: 145.6229pt x 139.76001pt.

<Plots/CentralProj/20183rdRMSPlotGausFitted.png, id=592, 598.235pt x 574.145pt>
File: Plots/CentralProj/20183rdRMSPlotGausFitted.png Graphic file (type png)
<use Plots/CentralProj/20183rdRMSPlotGausFitted.png>
Package pdftex.def Info: Plots/CentralProj/20183rdRMSPlotGausFitted.png used on
 input line 553.
(pdftex.def)             Requested size: 145.6229pt x 139.76001pt.

<Plots/CentralProj/20184thRMSPlotGausFitted.png, id=593, 598.235pt x 574.145pt>
File: Plots/CentralProj/20184thRMSPlotGausFitted.png Graphic file (type png)
<use Plots/CentralProj/20184thRMSPlotGausFitted.png>
Package pdftex.def Info: Plots/CentralProj/20184thRMSPlotGausFitted.png used on
 input line 554.
(pdftex.def)             Requested size: 145.6229pt x 139.76001pt.

<Plots/CentralProj/20185thRMSPlotGausFitted.png, id=594, 598.235pt x 574.145pt>
File: Plots/CentralProj/20185thRMSPlotGausFitted.png Graphic file (type png)
<use Plots/CentralProj/20185thRMSPlotGausFitted.png>
Package pdftex.def Info: Plots/CentralProj/20185thRMSPlotGausFitted.png used on
 input line 555.
(pdftex.def)             Requested size: 145.6229pt x 139.76001pt.

<Plots/CentralProj/20186thRMSPlotGausFitted.png, id=595, 598.235pt x 574.145pt>
File: Plots/CentralProj/20186thRMSPlotGausFitted.png Graphic file (type png)
<use Plots/CentralProj/20186thRMSPlotGausFitted.png>
Package pdftex.def Info: Plots/CentralProj/20186thRMSPlotGausFitted.png used on
 input line 556.
(pdftex.def)             Requested size: 145.6229pt x 139.76001pt.

<Plots/CentralProj/20187thRMSPlotGausFitted.png, id=596, 598.235pt x 574.145pt>
File: Plots/CentralProj/20187thRMSPlotGausFitted.png Graphic file (type png)
<use Plots/CentralProj/20187thRMSPlotGausFitted.png>
Package pdftex.def Info: Plots/CentralProj/20187thRMSPlotGausFitted.png used on
 input line 557.
(pdftex.def)             Requested size: 145.6229pt x 139.76001pt.

Overfull \hbox (45.18825pt too wide) in paragraph at lines 566--599
 [][] 
 []

<Plots/AllComparison/AllComparison0.png, id=599, 1200.485pt x 1176.395pt>
File: Plots/AllComparison/AllComparison0.png Graphic file (type png)

<use Plots/AllComparison/AllComparison0.png>
Package pdftex.def Info: Plots/AllComparison/AllComparison0.png used on input l
ine 612.
(pdftex.def)             Requested size: 216.09045pt x 211.74196pt.

<Plots/AllComparison/AllComparison1.png, id=600, 1200.485pt x 1176.395pt>
File: Plots/AllComparison/AllComparison1.png Graphic file (type png)

<use Plots/AllComparison/AllComparison1.png>
Package pdftex.def Info: Plots/AllComparison/AllComparison1.png used on input l
ine 613.
(pdftex.def)             Requested size: 216.09045pt x 211.74196pt.
 [28] [29 <./Plots/2017/2nd/ProjectionRange.png> <./Plots/2017/3rd/ProjectionRa
nge.png> <./Plots/2018/3rd/ProjectionRange.png> <./Plots/2018/4th/ProjectionRan
ge.png> <./Plots/2018/5th/ProjectionRange.png> <./Plots/2018/6th/ProjectionRang
e.png> <./Plots/2018/7th/ProjectionRange.png>] [30 <./Plots/CentralProj/20172nd
RMSPlotGausFitted.png> <./Plots/CentralProj/20173rdRMSPlotGausFitted.png> <./Pl
ots/CentralProj/20183rdRMSPlotGausFitted.png> <./Plots/CentralProj/20184thRMSPl
otGausFitted.png> <./Plots/CentralProj/20185thRMSPlotGausFitted.png> <./Plots/C
entralProj/20186thRMSPlotGausFitted.png> <./Plots/CentralProj/20187thRMSPlotGau
sFitted.png>]
File: Plots/2017/3rd/CombY5.png Graphic file (type png)

<use Plots/2017/3rd/CombY5.png>
Package pdftex.def Info: Plots/2017/3rd/CombY5.png used on input line 631.
(pdftex.def)             Requested size: 211.38832pt x 101.09889pt.

<Plots/2018/5th/CombY7.png, id=617, 1200.485pt x 574.145pt>
File: Plots/2018/5th/CombY7.png Graphic file (type png)

<use Plots/2018/5th/CombY7.png>
Package pdftex.def Info: Plots/2018/5th/CombY7.png used on input line 632.
(pdftex.def)             Requested size: 211.38832pt x 101.09889pt.
File: Plots/2017/3rd/CombX5.png Graphic file (type png)
 <use Plots/2017/3rd/CombX5.png>
Package pdftex.def Info: Plots/2017/3rd/CombX5.png used on input line 633.
(pdftex.def)             Requested size: 211.38832pt x 101.09889pt.
File: Plots/2018/5th/CombX6.png Graphic file (type png)

<use Plots/2018/5th/CombX6.png>
Package pdftex.def Info: Plots/2018/5th/CombX6.png used on input line 634.
(pdftex.def)             Requested size: 211.38832pt x 101.09889pt.
File: Plots/2017/2nd/CombY5.png Graphic file (type png)
 <use Plots/2017/2nd/CombY5.png>
Package pdftex.def Info: Plots/2017/2nd/CombY5.png used on input line 642.
(pdftex.def)             Requested size: 211.38832pt x 101.09889pt.

<Plots/2018/6th/CombY7.png, id=618, 1200.485pt x 574.145pt>
File: Plots/2018/6th/CombY7.png Graphic file (type png)

<use Plots/2018/6th/CombY7.png>
Package pdftex.def Info: Plots/2018/6th/CombY7.png used on input line 643.
(pdftex.def)             Requested size: 211.38832pt x 101.09889pt.

<Plots/2017/2nd/CombX3.png, id=619, 1200.485pt x 574.145pt>
File: Plots/2017/2nd/CombX3.png Graphic file (type png)

<use Plots/2017/2nd/CombX3.png>
Package pdftex.def Info: Plots/2017/2nd/CombX3.png used on input line 644.
(pdftex.def)             Requested size: 211.38832pt x 101.09889pt.
File: Plots/2018/6th/CombX6.png Graphic file (type png)
 <use Plots/2018/6th/CombX6.png>
Package pdftex.def Info: Plots/2018/6th/CombX6.png used on input line 645.
(pdftex.def)             Requested size: 211.38832pt x 101.09889pt.
 [31 <./Plots/AllComparison/AllComparison0.png> <./Plots/AllComparison/AllCompa
rison1.png>]
[32 <./Plots/2018/5th/CombY7.png> <./Plots/2018/6th/CombY7.png> <./Plots/2017/2
nd/CombX3.png>] [33]
Underfull \hbox (badness 10000) in paragraph at lines 706--707
[]\OT1/cmr/m/n/10.95 Jin Huang's slide on shower cal-i-bra-tion: []$\OT1/cmtt/m
/n/10.95 https : / / indico . bnl . gov / event / 2312 /
 []


Underfull \hbox (badness 3482) in paragraph at lines 707--708
[]\OT1/cmr/m/n/10.95 Joe Os-born's anal-y-sis notes on the sPHENIX EM-Cal en-er
gy res-o-lu-tion and lin-
 []


Underfull \hbox (badness 1902) in paragraph at lines 708--710
[]\OT1/cmr/m/n/10.95 Edward Kistenev's pre-sen-ta-tion on the de-vel-op-ment of
 the High Den-sity pro-jec-tive
 []


Underfull \hbox (badness 1132) in paragraph at lines 708--710
\OT1/cmr/m/n/10.95 shash-lik EM-Cal for EIC De-tec-tor, []$\OT1/cmtt/m/n/10.95 
https : / / wiki . bnl . gov / conferences / images / 8 / 8d /
 []

No file "EMCAL Analysis Notes".bbl.
Package atveryend Info: Empty hook `BeforeClearDocument' on input line 715.
[34]
Package atveryend Info: Empty hook `AfterLastShipout' on input line 715.
 (./EMCAL Analysis Notes.aux)
Package atveryend Info: Executing hook `AtVeryEndDocument' on input line 715.
Package atveryend Info: Executing hook `AtEndAfterFileList' on input line 715.
Package rerunfilecheck Info: File `"EMCAL Analysis Notes".out' has not changed.

(rerunfilecheck)             Checksum: E530F78CC8D6774C439744E5DBF52181;1824.


LaTeX Warning: There were undefined references.


LaTeX Warning: There were multiply-defined labels.

Package atveryend Info: Empty hook `AtVeryVeryEnd' on input line 715.
 ) 
Here is how much of TeX's memory you used:
 9183 strings out of 493089
 149018 string characters out of 6134842
 272451 words of memory out of 5000000
 12360 multiletter control sequences out of 15000+600000
 13527 words of font info for 53 fonts, out of 8000000 for 9000
 1141 hyphenation exceptions out of 8191
 36i,10n,43p,1853b,474s stack positions out of 5000i,500n,10000p,200000b,80000s
</usr/local/texlive/2015/texmf-dist/fonts/type1/public/amsfonts/cm/cmbx10.pfb
></usr/local/texlive/2015/texmf-dist/fonts/type1/public/amsfonts/cm/cmbx12.pfb>
</usr/local/texlive/2015/texmf-dist/fonts/type1/public/amsfonts/cm/cmmi10.pfb><
/usr/local/texlive/2015/texmf-dist/fonts/type1/public/amsfonts/cm/cmr10.pfb></u
sr/local/texlive/2015/texmf-dist/fonts/type1/public/amsfonts/cm/cmr12.pfb></usr
/local/texlive/2015/texmf-dist/fonts/type1/public/amsfonts/cm/cmr17.pfb></usr/l
ocal/texlive/2015/texmf-dist/fonts/type1/public/amsfonts/cm/cmr8.pfb></usr/loca
l/texlive/2015/texmf-dist/fonts/type1/public/amsfonts/cm/cmsy10.pfb></usr/local
/texlive/2015/texmf-dist/fonts/type1/public/amsfonts/cm/cmsy7.pfb></usr/local/t
exlive/2015/texmf-dist/fonts/type1/public/amsfonts/cm/cmsy8.pfb></usr/local/tex
live/2015/texmf-dist/fonts/type1/public/amsfonts/cm/cmtt10.pfb>
Output written on "EMCAL Analysis Notes.pdf" (34 pages, 6668455 bytes).
PDF statistics:
 718 PDF objects out of 1000 (max. 8388607)
 528 compressed objects within 6 object streams
 99 named destinations out of 1000 (max. 500000)
 857 words of extra memory for PDF output out of 10000 (max. 10000000)

